<?xml version="1.0" encoding="UTF-8"?>
<testsuite xmlns:xsi="http://www.w3.org/2001/XMLSchema-instance" xsi:noNamespaceSchemaLocation="https://maven.apache.org/surefire/maven-surefire-plugin/xsd/surefire-test-report-3.0.xsd" version="3.0" name="org.isf.utils.file.TestFileTools" time="0.013" tests="25" errors="0" skipped="0" failures="0">
  <properties>
[...]
</properties>
  <testcase name="testGetTimeStampFromNameddslashMMslashyyyy_HHmm" classname="org.isf.utils.file.TestFileTools" time="0.0"/>
  <testcase name="testGetTimestampFromNameyyyyMMdd" classname="org.isf.utils.file.TestFileTools" time="0.0"/>
  <testcase name="testGetTimeStampNoThere" classname="org.isf.utils.file.TestFileTools" time="0.0"/>
  <testcase name="testHumanReadableByteCountParse" classname="org.isf.utils.file.TestFileTools" time="0.0"/>
  <testcase name="testGetTimeStampFromNameddslashMMslashyyyy" classname="org.isf.utils.file.TestFileTools" time="0.0"/>
  <testcase name="testGetTimestampFromNameyyyydashMMdashdd_HHmmss" classname="org.isf.utils.file.TestFileTools" time="0.0"/>
  <testcase name="testGetTimestampFromNameyyyydashMMdashdd" classname="org.isf.utils.file.TestFileTools" time="0.0"/>
  <testcase name="testGetTimeStampFromNamedddashMMdashyy" classname="org.isf.utils.file.TestFileTools" time="0.001"/>
  <testcase name="testGetTimeStampFromNamedddashMMdashyyyy" classname="org.isf.utils.file.TestFileTools" time="0.001"/>
  <testcase name="testGetTimestampFromNameyyyydashMMdashddblanlHHmmss" classname="org.isf.utils.file.TestFileTools" time="0.0"/>
  <testcase name="testHumanReadableByteCount" classname="org.isf.utils.file.TestFileTools" time="0.001"/>
  <testcase name="testGetTimestampFromNameyyyyMMdd_HHmm" classname="org.isf.utils.file.TestFileTools" time="0.001"/>
  <testcase name="testGetTimestampFromNameyyyyMMdd_HHmmss" classname="org.isf.utils.file.TestFileTools" time="0.0"/>
  <testcase name="testGetTimeStampFromNameddslashMMslashyyblankHHmm" classname="org.isf.utils.file.TestFileTools" time="0.001"/>
  <testcase name="testGetTimestampFromNameyyyydashMMdashdd_HHmm" classname="org.isf.utils.file.TestFileTools" time="0.0"/>
  <testcase name="testGetTimestampFromNameyyyyMMddblankHHmm" classname="org.isf.utils.file.TestFileTools" time="0.001"/>
  <testcase name="testGetTimeStampFromNameddslashMMslashyy_HHmm" classname="org.isf.utils.file.TestFileTools" time="0.001"/>
  <testcase name="testGetTimeStampFromNamedddashMMdashyyblankHHmm" classname="org.isf.utils.file.TestFileTools" time="0.0"/>
  <testcase name="testGetTimeStampFromNamedddashMMdashyyyy_HHmm" classname="org.isf.utils.file.TestFileTools" time="0.001"/>
  <testcase name="testGetTimestampFromNameyyyydashMMdashddblankHHmm" classname="org.isf.utils.file.TestFileTools" time="0.0"/>
  <testcase name="testGetTimeStampFromNamedddashMMdashyy_HHmm" classname="org.isf.utils.file.TestFileTools" time="0.001"/>
  <testcase name="testGetTimeStampFromNameddslashMMslashyyyyblankHHmm" classname="org.isf.utils.file.TestFileTools" time="0.001"/>
  <testcase name="testGetTimeStampFromNameddslashMMslashyy" classname="org.isf.utils.file.TestFileTools" time="0.001"/>
  <testcase name="testGetTimeStampFromNamedddashMMdashyyyyblankHHmm" classname="org.isf.utils.file.TestFileTools" time="0.001"/>
  <testcase name="testGetTimestampFromNameyyyyMMddblanlHHmmss" classname="org.isf.utils.file.TestFileTools" time="0.0"/>
</testsuite>