<?xml version="1.0" encoding="UTF-8"?>
<testsuite xmlns:xsi="http://www.w3.org/2001/XMLSchema-instance" xsi:noNamespaceSchemaLocation="https://maven.apache.org/surefire/maven-surefire-plugin/xsd/surefire-test-report-3.0.xsd" version="3.0" name="org.isf.supplier.test.Tests" time="13.385" tests="14" errors="0" skipped="0" failures="0">
  <properties>
[...]
</properties>
  <testcase name="testIoSupplierGetByID" classname="org.isf.supplier.test.Tests" time="0.867">
    <system-out><![CDATA[[06/jul/2024 14:05:40] [:] INFO - Loaded default TestExecutionListener class names from location [META-INF/spring.factories]: [org.springframework.test.context.web.ServletTestExecutionListener, org.springframework.test.context.support.DirtiesContextBeforeModesTestExecutionListener, org.springframework.test.context.support.DependencyInjectionTestExecutionListener, org.springframework.test.context.support.DirtiesContextTestExecutionListener, org.springframework.test.context.transaction.TransactionalTestExecutionListener, org.springframework.test.context.jdbc.SqlScriptsTestExecutionListener, org.springframework.boot.test.mock.mockito.MockitoTestExecutionListener, org.springframework.boot.test.mock.mockito.ResetMocksTestExecutionListener, org.springframework.boot.test.autoconfigure.restdocs.RestDocsTestExecutionListener, org.springframework.boot.test.autoconfigure.web.client.MockRestServiceServerResetTestExecutionListener, org.springframework.boot.test.autoconfigure.web.servlet.MockMvcPrintOnlyOnFailureTestExecutionListener, org.springframework.boot.test.autoconfigure.web.servlet.WebDriverTestExecutionListener]
[06/jul/2024 14:05:40] [:] INFO - Using TestExecutionListeners: [org.springframework.test.context.support.DirtiesContextBeforeModesTestExecutionListener@79ad8b2f, org.springframework.boot.test.mock.mockito.MockitoTestExecutionListener@1df82230, org.springframework.test.context.support.DependencyInjectionTestExecutionListener@22635ba0, org.springframework.test.context.support.DirtiesContextTestExecutionListener@13c10b87, org.springframework.test.context.transaction.TransactionalTestExecutionListener@6a01e23, org.springframework.test.context.jdbc.SqlScriptsTestExecutionListener@5a955565, org.springframework.boot.test.mock.mockito.ResetMocksTestExecutionListener@6293abcc, org.springframework.boot.test.autoconfigure.restdocs.RestDocsTestExecutionListener@7995092a, org.springframework.boot.test.autoconfigure.web.client.MockRestServiceServerResetTestExecutionListener@7fc2413d, org.springframework.boot.test.autoconfigure.web.servlet.MockMvcPrintOnlyOnFailureTestExecutionListener@f8c1ddd, org.springframework.boot.test.autoconfigure.web.servlet.WebDriverTestExecutionListener@70be0a2b]
[06/jul/2024 14:05:40] [:] INFO - Loading XML bean definitions from class path resource [applicationContext.xml]
[06/jul/2024 14:05:41] [:] INFO - Refreshing org.springframework.context.support.GenericApplicationContext@161479c6: startup date [Sat Jul 06 14:05:41 BRT 2024]; root of context hierarchy
[06/jul/2024 14:05:41] [:] INFO - JSR-330 'javax.inject.Inject' annotation found and supported for autowiring
[06/jul/2024 14:05:41] [:] INFO - MLog clients using log4j logging.
[06/jul/2024 14:05:41] [:] INFO - Initializing c3p0-0.9.2.1 [built 20-March-2013 10:47:27 +0000; debug? true; trace: 10]
[06/jul/2024 14:05:41] [:] INFO - Building JPA container EntityManagerFactory for persistence unit 'default'
[06/jul/2024 14:05:41] [:] INFO - HCANN000001: Hibernate Commons Annotations {4.0.2.Final}
[06/jul/2024 14:05:41] [:] INFO - HCANN000001: Hibernate Commons Annotations {4.0.2.Final}
[06/jul/2024 14:05:41] [:] INFO - HHH000412: Hibernate Core {4.2.13.Final}
[06/jul/2024 14:05:41] [:] INFO - HHH000412: Hibernate Core {4.2.13.Final}
[06/jul/2024 14:05:41] [:] INFO - HHH000206: hibernate.properties not found
[06/jul/2024 14:05:41] [:] INFO - HHH000206: hibernate.properties not found
[06/jul/2024 14:05:41] [:] INFO - HHH000021: Bytecode provider name : javassist
[06/jul/2024 14:05:41] [:] INFO - HHH000021: Bytecode provider name : javassist
[06/jul/2024 14:05:41] [:] INFO - HHH000204: Processing PersistenceUnitInfo [
	name: default
	...]
[06/jul/2024 14:05:41] [:] INFO - HHH000204: Processing PersistenceUnitInfo [
	name: default
	...]
[06/jul/2024 14:05:41] [:] INFO - HHH000130: Instantiating explicit connection provider: org.hibernate.ejb.connection.InjectedDataSourceConnectionProvider
[06/jul/2024 14:05:41] [:] INFO - HHH000130: Instantiating explicit connection provider: org.hibernate.ejb.connection.InjectedDataSourceConnectionProvider
[06/jul/2024 14:05:41] [:] INFO - Initializing c3p0 pool... com.mchange.v2.c3p0.ComboPooledDataSource [ acquireIncrement -> 1, acquireRetryAttempts -> 30, acquireRetryDelay -> 1000, autoCommitOnClose -> false, automaticTestTable -> null, breakAfterAcquireFailure -> false, checkoutTimeout -> 5000, connectionCustomizerClassName -> null, connectionTesterClassName -> com.mchange.v2.c3p0.impl.DefaultConnectionTester, dataSourceName -> z8kfsxb4120jh1qho7l2m|2f5c1332, debugUnreturnedConnectionStackTraces -> false, description -> null, driverClass -> com.mysql.jdbc.Driver, factoryClassLocation -> null, forceIgnoreUnresolvedTransactions -> false, identityToken -> z8kfsxb4120jh1qho7l2m|2f5c1332, idleConnectionTestPeriod -> 0, initialPoolSize -> 3, jdbcUrl -> jdbc:mysql://localhost:3306/oh?useSSL=false&serverTimezone=UTC, maxAdministrativeTaskTime -> 0, maxConnectionAge -> 0, maxIdleTime -> 300, maxIdleTimeExcessConnections -> 0, maxPoolSize -> 10, maxStatements -> 0, maxStatementsPerConnection -> 0, minPoolSize -> 0, numHelperThreads -> 3, preferredTestQuery -> null, properties -> {user=******, password=******}, propertyCycle -> 0, statementCacheNumDeferredCloseThreads -> 0, testConnectionOnCheckin -> false, testConnectionOnCheckout -> false, unreturnedConnectionTimeout -> 0, userOverrides -> {}, usesTraditionalReflectiveProxies -> false ]
[06/jul/2024 14:05:42] [:] INFO - HHH000400: Using dialect: org.hibernate.dialect.MySQL5Dialect
[06/jul/2024 14:05:42] [:] INFO - HHH000400: Using dialect: org.hibernate.dialect.MySQL5Dialect
[06/jul/2024 14:05:42] [:] INFO - HHH000424: Disabling contextual LOB creation as createClob() method threw error : java.lang.reflect.InvocationTargetException
[06/jul/2024 14:05:42] [:] INFO - HHH000424: Disabling contextual LOB creation as createClob() method threw error : java.lang.reflect.InvocationTargetException
[06/jul/2024 14:05:42] [:] INFO - HHH000268: Transaction strategy: org.hibernate.engine.transaction.internal.jdbc.JdbcTransactionFactory
[06/jul/2024 14:05:42] [:] INFO - HHH000268: Transaction strategy: org.hibernate.engine.transaction.internal.jdbc.JdbcTransactionFactory
[06/jul/2024 14:05:42] [:] INFO - HHH000397: Using ASTQueryTranslatorFactory
[06/jul/2024 14:05:42] [:] INFO - HHH000397: Using ASTQueryTranslatorFactory
[06/jul/2024 14:05:42] [:] INFO - HV000001: Hibernate Validator 6.1.6.Final
[06/jul/2024 14:05:42] [:] INFO - HV000001: Hibernate Validator 6.1.6.Final
[06/jul/2024 14:05:42] [:] INFO - HHH000228: Running hbm2ddl schema update
[06/jul/2024 14:05:42] [:] INFO - HHH000228: Running hbm2ddl schema update
[06/jul/2024 14:05:42] [:] INFO - HHH000102: Fetching database metadata
[06/jul/2024 14:05:42] [:] INFO - HHH000102: Fetching database metadata
[06/jul/2024 14:05:42] [:] INFO - HHH000396: Updating schema
[06/jul/2024 14:05:42] [:] INFO - HHH000396: Updating schema
[06/jul/2024 14:05:42] [:] INFO - HHH000261: Table found: oh.admission
[06/jul/2024 14:05:42] [:] INFO - HHH000261: Table found: oh.admission
[06/jul/2024 14:05:42] [:] INFO - HHH000037: Columns: [adm_prg_dlt_id_a, adm_prg_date_ctrl1, adm_out_dis_id_a_2, adm_prg_date_ctrl2, adm_prg_ptt_id_a, adm_note, adm_trans, adm_out_dis_id_a_3, adm_lock, adm_last_modified_by, adm_resop, adm_prg_date_abort, adm_fhu, adm_in_dis_id_a, adm_wrd_id_a, adm_yprog, adm_out_dis_id_a, adm_ope_id_a, adm_type, adm_date_dis, adm_created_by, adm_in, adm_date_adm, adm_prg_drt_id_a, adm_prg_date_del, adm_pat_id, adm_usr_id_a, adm_prg_weight, adm_id, adm_dist_id_a, adm_date_op, adm_last_modified_date, adm_deleted, adm_prg_date_vis, adm_active, adm_admt_id_a_adm, adm_created_date]
[06/jul/2024 14:05:42] [:] INFO - HHH000037: Columns: [adm_prg_dlt_id_a, adm_prg_date_ctrl1, adm_out_dis_id_a_2, adm_prg_date_ctrl2, adm_prg_ptt_id_a, adm_note, adm_trans, adm_out_dis_id_a_3, adm_lock, adm_last_modified_by, adm_resop, adm_prg_date_abort, adm_fhu, adm_in_dis_id_a, adm_wrd_id_a, adm_yprog, adm_out_dis_id_a, adm_ope_id_a, adm_type, adm_date_dis, adm_created_by, adm_in, adm_date_adm, adm_prg_drt_id_a, adm_prg_date_del, adm_pat_id, adm_usr_id_a, adm_prg_weight, adm_id, adm_dist_id_a, adm_date_op, adm_last_modified_date, adm_deleted, adm_prg_date_vis, adm_active, adm_admt_id_a_adm, adm_created_date]
[06/jul/2024 14:05:42] [:] INFO - HHH000108: Foreign keys: [fk_admission_admissiontype, fk_admission_ward, fk_admission_out_disease1, fk_admission_out_disease2, fk_admission_dischargetype, fk_admission_operation, fk_admission_deliverytype, fk_admission_out_disease3, fk_admission_deliveryresulttype, fk_admission_in_disease, fk_admission_patient, fk_admission_pregnanttreatmenttype]
[06/jul/2024 14:05:42] [:] INFO - HHH000108: Foreign keys: [fk_admission_admissiontype, fk_admission_ward, fk_admission_out_disease1, fk_admission_out_disease2, fk_admission_dischargetype, fk_admission_operation, fk_admission_deliverytype, fk_admission_out_disease3, fk_admission_deliveryresulttype, fk_admission_in_disease, fk_admission_patient, fk_admission_pregnanttreatmenttype]
[06/jul/2024 14:05:42] [:] INFO - HHH000126: Indexes: [fk_admission_ward, fk_admission_out_disease1, fk_admission_out_disease2, fk_admission_deliverytype, fk_admission_out_disease3, fk_admission_deliveryresulttype, fk_admission_in_disease, fk_admission_admissiontype, fk_admission_dischargetype, fk_admission_operation, primary, fk_admission_pregnanttreatmenttype, fk_admission_patient]
[06/jul/2024 14:05:42] [:] INFO - HHH000126: Indexes: [fk_admission_ward, fk_admission_out_disease1, fk_admission_out_disease2, fk_admission_deliverytype, fk_admission_out_disease3, fk_admission_deliveryresulttype, fk_admission_in_disease, fk_admission_admissiontype, fk_admission_dischargetype, fk_admission_operation, primary, fk_admission_pregnanttreatmenttype, fk_admission_patient]
[06/jul/2024 14:05:42] [:] INFO - HHH000261: Table found: oh.admissiontype
[06/jul/2024 14:05:42] [:] INFO - HHH000261: Table found: oh.admissiontype
[06/jul/2024 14:05:42] [:] INFO - HHH000037: Columns: [admt_desc, admt_last_modified_by, admt_created_by, admt_active, admt_id_a, admt_last_modified_date, admt_created_date]
[06/jul/2024 14:05:42] [:] INFO - HHH000037: Columns: [admt_desc, admt_last_modified_by, admt_created_by, admt_active, admt_id_a, admt_last_modified_date, admt_created_date]
[06/jul/2024 14:05:42] [:] INFO - HHH000108: Foreign keys: []
[06/jul/2024 14:05:42] [:] INFO - HHH000108: Foreign keys: []
[06/jul/2024 14:05:42] [:] INFO - HHH000126: Indexes: [primary]
[06/jul/2024 14:05:42] [:] INFO - HHH000126: Indexes: [primary]
[06/jul/2024 14:05:42] [:] INFO - HHH000261: Table found: oh.agetype
[06/jul/2024 14:05:42] [:] INFO - HHH000261: Table found: oh.agetype
[06/jul/2024 14:05:42] [:] INFO - HHH000037: Columns: [at_code, at_created_date, at_last_modified_date, at_last_modified_by, at_desc, at_active, at_to, at_created_by, at_from]
[06/jul/2024 14:05:42] [:] INFO - HHH000037: Columns: [at_code, at_created_date, at_last_modified_date, at_last_modified_by, at_desc, at_active, at_to, at_created_by, at_from]
[06/jul/2024 14:05:42] [:] INFO - HHH000108: Foreign keys: []
[06/jul/2024 14:05:42] [:] INFO - HHH000108: Foreign keys: []
[06/jul/2024 14:05:42] [:] INFO - HHH000126: Indexes: [primary]
[06/jul/2024 14:05:42] [:] INFO - HHH000126: Indexes: [primary]
[06/jul/2024 14:05:42] [:] INFO - HHH000261: Table found: oh.billitems
[06/jul/2024 14:05:42] [:] INFO - HHH000261: Table found: oh.billitems
[06/jul/2024 14:05:42] [:] INFO - HHH000037: Columns: [bli_is_price, bli_active, bli_id_price, bli_created_by, bli_qty, bli_id, bli_last_modified_by, bli_created_date, bli_item_desc, bli_item_amount, bli_last_modified_date, bli_id_bill]
[06/jul/2024 14:05:42] [:] INFO - HHH000037: Columns: [bli_is_price, bli_active, bli_id_price, bli_created_by, bli_qty, bli_id, bli_last_modified_by, bli_created_date, bli_item_desc, bli_item_amount, bli_last_modified_date, bli_id_bill]
[06/jul/2024 14:05:42] [:] INFO - HHH000108: Foreign keys: [fk_billitems_bills]
[06/jul/2024 14:05:42] [:] INFO - HHH000108: Foreign keys: [fk_billitems_bills]
[06/jul/2024 14:05:42] [:] INFO - HHH000126: Indexes: [primary, fk_billitems_bills]
[06/jul/2024 14:05:42] [:] INFO - HHH000126: Indexes: [primary, fk_billitems_bills]
[06/jul/2024 14:05:42] [:] INFO - HHH000261: Table found: oh.billpayments
[06/jul/2024 14:05:42] [:] INFO - HHH000261: Table found: oh.billpayments
[06/jul/2024 14:05:42] [:] INFO - HHH000037: Columns: [blp_active, blp_created_date, blp_id, blp_id_bill, blp_last_modified_date, blp_date, blp_amount, blp_usr_id_a, blp_last_modified_by, blp_created_by]
[06/jul/2024 14:05:42] [:] INFO - HHH000037: Columns: [blp_active, blp_created_date, blp_id, blp_id_bill, blp_last_modified_date, blp_date, blp_amount, blp_usr_id_a, blp_last_modified_by, blp_created_by]
[06/jul/2024 14:05:42] [:] INFO - HHH000108: Foreign keys: [fk_billpayments_bills]
[06/jul/2024 14:05:42] [:] INFO - HHH000108: Foreign keys: [fk_billpayments_bills]
[06/jul/2024 14:05:42] [:] INFO - HHH000126: Indexes: [fk_billpayments_bills, primary]
[06/jul/2024 14:05:42] [:] INFO - HHH000126: Indexes: [fk_billpayments_bills, primary]
[06/jul/2024 14:05:42] [:] INFO - HHH000261: Table found: oh.bills
[06/jul/2024 14:05:42] [:] INFO - HHH000261: Table found: oh.bills
[06/jul/2024 14:05:42] [:] INFO - HHH000037: Columns: [bll_balance, bll_date, bll_id_lst, bll_id, bll_created_by, bll_is_lst, bll_update, bll_usr_id_a, bll_amount, bll_is_pat, bll_lst_name, bll_last_modified_date, bll_created_date, bll_status, bll_last_modified_by, bll_id_pat, bll_active, bll_pat_name]
[06/jul/2024 14:05:42] [:] INFO - HHH000037: Columns: [bll_balance, bll_date, bll_id_lst, bll_id, bll_created_by, bll_is_lst, bll_update, bll_usr_id_a, bll_amount, bll_is_pat, bll_lst_name, bll_last_modified_date, bll_created_date, bll_status, bll_last_modified_by, bll_id_pat, bll_active, bll_pat_name]
[06/jul/2024 14:05:42] [:] INFO - HHH000108: Foreign keys: [fk_bills_pricelists, fk_bills_patient]
[06/jul/2024 14:05:42] [:] INFO - HHH000108: Foreign keys: [fk_bills_pricelists, fk_bills_patient]
[06/jul/2024 14:05:42] [:] INFO - HHH000126: Indexes: [fk_bills_pricelists, fk_bills_patient, primary]
[06/jul/2024 14:05:42] [:] INFO - HHH000126: Indexes: [fk_bills_pricelists, fk_bills_patient, primary]
[06/jul/2024 14:05:42] [:] INFO - HHH000261: Table found: oh.deliveryresulttype
[06/jul/2024 14:05:42] [:] INFO - HHH000261: Table found: oh.deliveryresulttype
[06/jul/2024 14:05:42] [:] INFO - HHH000037: Columns: [drt_created_date, drt_last_modified_by, drt_created_by, drt_id_a, drt_desc, drt_active, drt_last_modified_date]
[06/jul/2024 14:05:42] [:] INFO - HHH000037: Columns: [drt_created_date, drt_last_modified_by, drt_created_by, drt_id_a, drt_desc, drt_active, drt_last_modified_date]
[06/jul/2024 14:05:42] [:] INFO - HHH000108: Foreign keys: []
[06/jul/2024 14:05:42] [:] INFO - HHH000108: Foreign keys: []
[06/jul/2024 14:05:42] [:] INFO - HHH000126: Indexes: [primary]
[06/jul/2024 14:05:42] [:] INFO - HHH000126: Indexes: [primary]
[06/jul/2024 14:05:42] [:] INFO - HHH000261: Table found: oh.deliverytype
[06/jul/2024 14:05:42] [:] INFO - HHH000261: Table found: oh.deliverytype
[06/jul/2024 14:05:42] [:] INFO - HHH000037: Columns: [dlt_created_date, dlt_id_a, dlt_desc, dlt_last_modified_date, dlt_created_by, dlt_last_modified_by, dlt_active]
[06/jul/2024 14:05:42] [:] INFO - HHH000037: Columns: [dlt_created_date, dlt_id_a, dlt_desc, dlt_last_modified_date, dlt_created_by, dlt_last_modified_by, dlt_active]
[06/jul/2024 14:05:42] [:] INFO - HHH000108: Foreign keys: []
[06/jul/2024 14:05:42] [:] INFO - HHH000108: Foreign keys: []
[06/jul/2024 14:05:42] [:] INFO - HHH000126: Indexes: [primary]
[06/jul/2024 14:05:42] [:] INFO - HHH000126: Indexes: [primary]
[06/jul/2024 14:05:42] [:] INFO - HHH000261: Table found: oh.dicom
[06/jul/2024 14:05:42] [:] INFO - HHH000261: Table found: oh.dicom
[06/jul/2024 14:05:42] [:] INFO - HHH000037: Columns: [dm_file_pat_addr, dm_active, dm_file_nome, dm_file_pat_sex, dm_file_pat_birthdate, dm_file_modaliity, dm_file_st_date, dm_file_ser_inst_uid, dm_file_pat_uid, dm_file_pat_name, dm_file_ser_date, dm_file_st_uid, dm_created_by, dm_pat_id, dm_last_modified_by, dm_thumbnail, dm_file_id, dm_file_pat_age, dm_last_modified_date, dm_dcmt_id, dm_file_ser_number, dm_file_accession_number, dm_file_ser_desc, dm_file_inst_uid, dm_file_ser_desc_cod_seq, dm_file_st_descr, dm_data, dm_file_ser_uid, dm_file_institution_name, dm_created_date]
[06/jul/2024 14:05:42] [:] INFO - HHH000037: Columns: [dm_file_pat_addr, dm_active, dm_file_nome, dm_file_pat_sex, dm_file_pat_birthdate, dm_file_modaliity, dm_file_st_date, dm_file_ser_inst_uid, dm_file_pat_uid, dm_file_pat_name, dm_file_ser_date, dm_file_st_uid, dm_created_by, dm_pat_id, dm_last_modified_by, dm_thumbnail, dm_file_id, dm_file_pat_age, dm_last_modified_date, dm_dcmt_id, dm_file_ser_number, dm_file_accession_number, dm_file_ser_desc, dm_file_inst_uid, dm_file_ser_desc_cod_seq, dm_file_st_descr, dm_data, dm_file_ser_uid, dm_file_institution_name, dm_created_date]
[06/jul/2024 14:05:42] [:] INFO - HHH000108: Foreign keys: [fk_dicom_dicomtype]
[06/jul/2024 14:05:42] [:] INFO - HHH000108: Foreign keys: [fk_dicom_dicomtype]
[06/jul/2024 14:05:42] [:] INFO - HHH000126: Indexes: [fk_dicom_dicomtype_idx, primary]
[06/jul/2024 14:05:42] [:] INFO - HHH000126: Indexes: [fk_dicom_dicomtype_idx, primary]
[06/jul/2024 14:05:42] [:] INFO - HHH000261: Table found: oh.dicomtype
[06/jul/2024 14:05:42] [:] INFO - HHH000261: Table found: oh.dicomtype
[06/jul/2024 14:05:42] [:] INFO - HHH000037: Columns: [dcmt_id, dcmt_desc]
[06/jul/2024 14:05:42] [:] INFO - HHH000037: Columns: [dcmt_id, dcmt_desc]
[06/jul/2024 14:05:42] [:] INFO - HHH000108: Foreign keys: []
[06/jul/2024 14:05:42] [:] INFO - HHH000108: Foreign keys: []
[06/jul/2024 14:05:42] [:] INFO - HHH000126: Indexes: [primary]
[06/jul/2024 14:05:42] [:] INFO - HHH000126: Indexes: [primary]
[06/jul/2024 14:05:42] [:] INFO - HHH000261: Table found: oh.dischargetype
[06/jul/2024 14:05:42] [:] INFO - HHH000261: Table found: oh.dischargetype
[06/jul/2024 14:05:42] [:] INFO - HHH000037: Columns: [dist_last_modified_by, dist_created_date, dist_desc, dist_last_modified_date, dist_active, dist_id_a, dist_created_by]
[06/jul/2024 14:05:42] [:] INFO - HHH000037: Columns: [dist_last_modified_by, dist_created_date, dist_desc, dist_last_modified_date, dist_active, dist_id_a, dist_created_by]
[06/jul/2024 14:05:42] [:] INFO - HHH000108: Foreign keys: []
[06/jul/2024 14:05:42] [:] INFO - HHH000108: Foreign keys: []
[06/jul/2024 14:05:42] [:] INFO - HHH000126: Indexes: [primary]
[06/jul/2024 14:05:42] [:] INFO - HHH000126: Indexes: [primary]
[06/jul/2024 14:05:42] [:] INFO - HHH000261: Table found: oh.disease
[06/jul/2024 14:05:42] [:] INFO - HHH000261: Table found: oh.disease
[06/jul/2024 14:05:42] [:] INFO - HHH000037: Columns: [dis_created_by, dis_lock, dis_id_a, dis_last_modified_date, dis_desc, dis_ipd_in_include, dis_dcl_id_a, dis_created_date, dis_last_modified_by, dis_opd_include, dis_ipd_out_include, dis_active]
[06/jul/2024 14:05:42] [:] INFO - HHH000037: Columns: [dis_created_by, dis_lock, dis_id_a, dis_last_modified_date, dis_desc, dis_ipd_in_include, dis_dcl_id_a, dis_created_date, dis_last_modified_by, dis_opd_include, dis_ipd_out_include, dis_active]
[06/jul/2024 14:05:42] [:] INFO - HHH000108: Foreign keys: [fk_disease_diseasetype]
[06/jul/2024 14:05:42] [:] INFO - HHH000108: Foreign keys: [fk_disease_diseasetype]
[06/jul/2024 14:05:42] [:] INFO - HHH000126: Indexes: [fk_disease_diseasetype, primary]
[06/jul/2024 14:05:42] [:] INFO - HHH000126: Indexes: [fk_disease_diseasetype, primary]
[06/jul/2024 14:05:42] [:] INFO - HHH000261: Table found: oh.diseasetype
[06/jul/2024 14:05:42] [:] INFO - HHH000261: Table found: oh.diseasetype
[06/jul/2024 14:05:42] [:] INFO - HHH000037: Columns: [dcl_desc, dcl_created_by, dcl_created_date, dcl_last_modified_by, dcl_id_a, dcl_last_modified_date, dcl_active]
[06/jul/2024 14:05:42] [:] INFO - HHH000037: Columns: [dcl_desc, dcl_created_by, dcl_created_date, dcl_last_modified_by, dcl_id_a, dcl_last_modified_date, dcl_active]
[06/jul/2024 14:05:42] [:] INFO - HHH000108: Foreign keys: []
[06/jul/2024 14:05:42] [:] INFO - HHH000108: Foreign keys: []
[06/jul/2024 14:05:42] [:] INFO - HHH000126: Indexes: [primary]
[06/jul/2024 14:05:42] [:] INFO - HHH000126: Indexes: [primary]
[06/jul/2024 14:05:42] [:] INFO - HHH000261: Table found: oh.exam
[06/jul/2024 14:05:42] [:] INFO - HHH000261: Table found: oh.exam
[06/jul/2024 14:05:42] [:] INFO - HHH000037: Columns: [exa_desc, exa_proc, exa_created_by, exa_last_modified_by, exa_last_modified_date, exa_active, exa_default, exa_id_a, exa_lock, exa_created_date, exa_exc_id_a]
[06/jul/2024 14:05:42] [:] INFO - HHH000037: Columns: [exa_desc, exa_proc, exa_created_by, exa_last_modified_by, exa_last_modified_date, exa_active, exa_default, exa_id_a, exa_lock, exa_created_date, exa_exc_id_a]
[06/jul/2024 14:05:42] [:] INFO - HHH000108: Foreign keys: [fk_exam_examtype]
[06/jul/2024 14:05:42] [:] INFO - HHH000108: Foreign keys: [fk_exam_examtype]
[06/jul/2024 14:05:42] [:] INFO - HHH000126: Indexes: [fk_exam_examtype, primary]
[06/jul/2024 14:05:42] [:] INFO - HHH000126: Indexes: [fk_exam_examtype, primary]
[06/jul/2024 14:05:42] [:] INFO - HHH000261: Table found: oh.examrow
[06/jul/2024 14:05:42] [:] INFO - HHH000261: Table found: oh.examrow
[06/jul/2024 14:05:42] [:] INFO - HHH000037: Columns: [exr_id, exr_created_date, exr_last_modified_by, exr_desc, exr_active, exr_exa_id_a, exr_created_by, exr_last_modified_date]
[06/jul/2024 14:05:42] [:] INFO - HHH000037: Columns: [exr_id, exr_created_date, exr_last_modified_by, exr_desc, exr_active, exr_exa_id_a, exr_created_by, exr_last_modified_date]
[06/jul/2024 14:05:42] [:] INFO - HHH000108: Foreign keys: [fk_examrow_exam]
[06/jul/2024 14:05:42] [:] INFO - HHH000108: Foreign keys: [fk_examrow_exam]
[06/jul/2024 14:05:42] [:] INFO - HHH000126: Indexes: [fk_examrow_exam, primary]
[06/jul/2024 14:05:42] [:] INFO - HHH000126: Indexes: [fk_examrow_exam, primary]
[06/jul/2024 14:05:42] [:] INFO - HHH000261: Table found: oh.examtype
[06/jul/2024 14:05:42] [:] INFO - HHH000261: Table found: oh.examtype
[06/jul/2024 14:05:42] [:] INFO - HHH000037: Columns: [exc_id_a, exc_last_modified_date, exc_active, exc_last_modified_by, exc_desc, exc_created_date, exc_created_by]
[06/jul/2024 14:05:42] [:] INFO - HHH000037: Columns: [exc_id_a, exc_last_modified_date, exc_active, exc_last_modified_by, exc_desc, exc_created_date, exc_created_by]
[06/jul/2024 14:05:42] [:] INFO - HHH000108: Foreign keys: []
[06/jul/2024 14:05:42] [:] INFO - HHH000108: Foreign keys: []
[06/jul/2024 14:05:42] [:] INFO - HHH000126: Indexes: [primary]
[06/jul/2024 14:05:42] [:] INFO - HHH000126: Indexes: [primary]
[06/jul/2024 14:05:42] [:] INFO - HHH000261: Table found: oh.groupmenu
[06/jul/2024 14:05:42] [:] INFO - HHH000261: Table found: oh.groupmenu
[06/jul/2024 14:05:42] [:] INFO - HHH000037: Columns: [gm_ug_id_a, gm_active, gm_mni_id_a, gm_id, gm_created_by, gm_created_date, gm_last_modified_date, gm_last_modified_by]
[06/jul/2024 14:05:42] [:] INFO - HHH000037: Columns: [gm_ug_id_a, gm_active, gm_mni_id_a, gm_id, gm_created_by, gm_created_date, gm_last_modified_date, gm_last_modified_by]
[06/jul/2024 14:05:42] [:] INFO - HHH000108: Foreign keys: []
[06/jul/2024 14:05:42] [:] INFO - HHH000108: Foreign keys: []
[06/jul/2024 14:05:42] [:] INFO - HHH000126: Indexes: [primary]
[06/jul/2024 14:05:42] [:] INFO - HHH000126: Indexes: [primary]
[06/jul/2024 14:05:42] [:] INFO - HHH000261: Table found: oh.hospital
[06/jul/2024 14:05:42] [:] INFO - HHH000261: Table found: oh.hospital
[06/jul/2024 14:05:42] [:] INFO - HHH000037: Columns: [hos_tele, hos_lock, hos_id_a, hos_name, hos_city, hos_last_modified_date, hos_active, hos_email, hos_addr, hos_last_modified_by, hos_created_by, hos_fax, hos_created_date, hos_curr_cod]
[06/jul/2024 14:05:42] [:] INFO - HHH000037: Columns: [hos_tele, hos_lock, hos_id_a, hos_name, hos_city, hos_last_modified_date, hos_active, hos_email, hos_addr, hos_last_modified_by, hos_created_by, hos_fax, hos_created_date, hos_curr_cod]
[06/jul/2024 14:05:42] [:] INFO - HHH000108: Foreign keys: []
[06/jul/2024 14:05:42] [:] INFO - HHH000108: Foreign keys: []
[06/jul/2024 14:05:42] [:] INFO - HHH000126: Indexes: [primary]
[06/jul/2024 14:05:42] [:] INFO - HHH000126: Indexes: [primary]
[06/jul/2024 14:05:42] [:] INFO - HHH000261: Table found: oh.laboratory
[06/jul/2024 14:05:42] [:] INFO - HHH000261: Table found: oh.laboratory
[06/jul/2024 14:05:42] [:] INFO - HHH000037: Columns: [lab_note, lab_cross13, lab_active, lab_created_date, lab_exam_date, lab_sex, lab_exa_id_a, lab_cross5, lab_last_modified_by, lab_pat_id, lab_cross4, lab_cross3, lab_cross2, lab_cross1, lab_res, lab_cross10, lab_cross11, lab_cross12, lab_cross9, lab_id, lab_cross8, lab_cross7, lab_cross6, lab_pat_name, lab_pat_inout, lab_last_modified_date, lab_age, lab_material, lab_created_by, lab_lock, lab_date]
[06/jul/2024 14:05:42] [:] INFO - HHH000037: Columns: [lab_note, lab_cross13, lab_active, lab_created_date, lab_exam_date, lab_sex, lab_exa_id_a, lab_cross5, lab_last_modified_by, lab_pat_id, lab_cross4, lab_cross3, lab_cross2, lab_cross1, lab_res, lab_cross10, lab_cross11, lab_cross12, lab_cross9, lab_id, lab_cross8, lab_cross7, lab_cross6, lab_pat_name, lab_pat_inout, lab_last_modified_date, lab_age, lab_material, lab_created_by, lab_lock, lab_date]
[06/jul/2024 14:05:42] [:] INFO - HHH000108: Foreign keys: [fk_laboratory_patient, fk_laboratory_exam]
[06/jul/2024 14:05:42] [:] INFO - HHH000108: Foreign keys: [fk_laboratory_patient, fk_laboratory_exam]
[06/jul/2024 14:05:42] [:] INFO - HHH000126: Indexes: [fk_laboratory_patient, fk_laboratory_exam, primary]
[06/jul/2024 14:05:42] [:] INFO - HHH000126: Indexes: [fk_laboratory_patient, fk_laboratory_exam, primary]
[06/jul/2024 14:05:42] [:] INFO - HHH000261: Table found: oh.laboratoryrow
[06/jul/2024 14:05:42] [:] INFO - HHH000261: Table found: oh.laboratoryrow
[06/jul/2024 14:05:42] [:] INFO - HHH000037: Columns: [labr_created_date, labr_last_modified_date, labr_id, labr_active, labr_created_by, labr_last_modified_by, labr_desc, labr_lab_id]
[06/jul/2024 14:05:42] [:] INFO - HHH000037: Columns: [labr_created_date, labr_last_modified_date, labr_id, labr_active, labr_created_by, labr_last_modified_by, labr_desc, labr_lab_id]
[06/jul/2024 14:05:42] [:] INFO - HHH000108: Foreign keys: [fk_laboratoryrow_laboratory]
[06/jul/2024 14:05:42] [:] INFO - HHH000108: Foreign keys: [fk_laboratoryrow_laboratory]
[06/jul/2024 14:05:42] [:] INFO - HHH000126: Indexes: [fk_laboratoryrow_laboratory, primary]
[06/jul/2024 14:05:42] [:] INFO - HHH000126: Indexes: [fk_laboratoryrow_laboratory, primary]
[06/jul/2024 14:05:42] [:] INFO - HHH000261: Table found: oh.malnutritioncontrol
[06/jul/2024 14:05:42] [:] INFO - HHH000261: Table found: oh.malnutritioncontrol
[06/jul/2024 14:05:42] [:] INFO - HHH000037: Columns: [mln_created_by, mln_active, mln_created_date, mln_last_modified_by, mln_last_modified_date, mln_date_supp, mln_lock, mln_height, mln_id, mln_weight, mnl_date_conf, mln_adm_id]
[06/jul/2024 14:05:42] [:] INFO - HHH000037: Columns: [mln_created_by, mln_active, mln_created_date, mln_last_modified_by, mln_last_modified_date, mln_date_supp, mln_lock, mln_height, mln_id, mln_weight, mnl_date_conf, mln_adm_id]
[06/jul/2024 14:05:42] [:] INFO - HHH000108: Foreign keys: []
[06/jul/2024 14:05:42] [:] INFO - HHH000108: Foreign keys: []
[06/jul/2024 14:05:42] [:] INFO - HHH000126: Indexes: [fk_66q4m8qrd89bpjhsrfpp5nqck, primary]
[06/jul/2024 14:05:42] [:] INFO - HHH000126: Indexes: [fk_66q4m8qrd89bpjhsrfpp5nqck, primary]
[06/jul/2024 14:05:42] [:] INFO - HHH000261: Table found: oh.medicaldsr
[06/jul/2024 14:05:42] [:] INFO - HHH000261: Table found: oh.medicaldsr
[06/jul/2024 14:05:42] [:] INFO - HHH000037: Columns: [mdsr_code, mdsr_ini_stock_qti, mdsr_out_qti, mdsr_last_modified_date, mdsr_desc, mdsr_created_date, mdsr_min_stock_qti, mdsr_lock, mdsr_pcs_x_pck, mdsr_id, mdsr_mdsrt_id_a, mdsr_last_modified_by, mdsr_active, mdsr_in_qti, mdsr_created_by]
[06/jul/2024 14:05:42] [:] INFO - HHH000037: Columns: [mdsr_code, mdsr_ini_stock_qti, mdsr_out_qti, mdsr_last_modified_date, mdsr_desc, mdsr_created_date, mdsr_min_stock_qti, mdsr_lock, mdsr_pcs_x_pck, mdsr_id, mdsr_mdsrt_id_a, mdsr_last_modified_by, mdsr_active, mdsr_in_qti, mdsr_created_by]
[06/jul/2024 14:05:42] [:] INFO - HHH000108: Foreign keys: [fk_medicaldsr_medicaldsrtype]
[06/jul/2024 14:05:42] [:] INFO - HHH000108: Foreign keys: [fk_medicaldsr_medicaldsrtype]
[06/jul/2024 14:05:42] [:] INFO - HHH000126: Indexes: [mdsr_mdsrt_id_a, primary]
[06/jul/2024 14:05:42] [:] INFO - HHH000126: Indexes: [mdsr_mdsrt_id_a, primary]
[06/jul/2024 14:05:42] [:] INFO - HHH000261: Table found: oh.medicaldsrlot
[06/jul/2024 14:05:42] [:] INFO - HHH000261: Table found: oh.medicaldsrlot
[06/jul/2024 14:05:42] [:] INFO - HHH000037: Columns: [lt_prep_date, lt_created_date, lt_lock, lt_created_by, lt_cost, lt_due_date, lt_id_a, lt_last_modified_date, lt_active, lt_mdsr_id, lt_last_modified_by]
[06/jul/2024 14:05:42] [:] INFO - HHH000037: Columns: [lt_prep_date, lt_created_date, lt_lock, lt_created_by, lt_cost, lt_due_date, lt_id_a, lt_last_modified_date, lt_active, lt_mdsr_id, lt_last_modified_by]
[06/jul/2024 14:05:42] [:] INFO - HHH000108: Foreign keys: [fk_medicaldsrlot_medicaldsr]
[06/jul/2024 14:05:42] [:] INFO - HHH000108: Foreign keys: [fk_medicaldsrlot_medicaldsr]
[06/jul/2024 14:05:42] [:] INFO - HHH000126: Indexes: [fk_medicaldsrlot_medicaldsr_idx, primary]
[06/jul/2024 14:05:42] [:] INFO - HHH000126: Indexes: [fk_medicaldsrlot_medicaldsr_idx, primary]
[06/jul/2024 14:05:42] [:] INFO - HHH000261: Table found: oh.medicaldsrstockmov
[06/jul/2024 14:05:42] [:] INFO - HHH000261: Table found: oh.medicaldsrstockmov
[06/jul/2024 14:05:42] [:] INFO - HHH000037: Columns: [mmv_lock, mmv_last_modified_by, mmv_created_by, mmv_mmvt_id_a, mmv_mdsr_id, mmv_created_date, mmv_last_modified_date, mmv_id, mmv_lt_id_a, mmv_wrd_id_a, mmv_date, mmv_active, mmv_qty, mmv_from, mmv_refno]
[06/jul/2024 14:05:42] [:] INFO - HHH000037: Columns: [mmv_lock, mmv_last_modified_by, mmv_created_by, mmv_mmvt_id_a, mmv_mdsr_id, mmv_created_date, mmv_last_modified_date, mmv_id, mmv_lt_id_a, mmv_wrd_id_a, mmv_date, mmv_active, mmv_qty, mmv_from, mmv_refno]
[06/jul/2024 14:05:42] [:] INFO - HHH000108: Foreign keys: [fk_7yik87rw77yyrjbjh1rovx51s, fk_medicaldsrstockmov_medicaldsr, fk_medicaldsrstockmov_ward, fk_hh707ktimsbexaairs2a47yqq, fk_medicaldsrstockmov_medicaldsrstockmovtype]
[06/jul/2024 14:05:42] [:] INFO - HHH000108: Foreign keys: [fk_7yik87rw77yyrjbjh1rovx51s, fk_medicaldsrstockmov_medicaldsr, fk_medicaldsrstockmov_ward, fk_hh707ktimsbexaairs2a47yqq, fk_medicaldsrstockmov_medicaldsrstockmovtype]
[06/jul/2024 14:05:42] [:] INFO - HHH000126: Indexes: [fk_7yik87rw77yyrjbjh1rovx51s, fk_medicaldsrstockmov_medicaldsr, fk_medicaldsrstockmov_ward, fk_hh707ktimsbexaairs2a47yqq, fk_medicaldsrstockmov_medicaldsrstockmovtype, primary]
[06/jul/2024 14:05:42] [:] INFO - HHH000126: Indexes: [fk_7yik87rw77yyrjbjh1rovx51s, fk_medicaldsrstockmov_medicaldsr, fk_medicaldsrstockmov_ward, fk_hh707ktimsbexaairs2a47yqq, fk_medicaldsrstockmov_medicaldsrstockmovtype, primary]
[06/jul/2024 14:05:42] [:] INFO - HHH000261: Table found: oh.medicaldsrstockmovtype
[06/jul/2024 14:05:42] [:] INFO - HHH000261: Table found: oh.medicaldsrstockmovtype
[06/jul/2024 14:05:42] [:] INFO - HHH000037: Columns: [mmvt_last_modified_by, mmvt_created_date, mmvt_desc, mmvt_type, mmvt_last_modified_date, mmvt_id_a, mmvt_created_by, mmvt_active]
[06/jul/2024 14:05:42] [:] INFO - HHH000037: Columns: [mmvt_last_modified_by, mmvt_created_date, mmvt_desc, mmvt_type, mmvt_last_modified_date, mmvt_id_a, mmvt_created_by, mmvt_active]
[06/jul/2024 14:05:42] [:] INFO - HHH000108: Foreign keys: []
[06/jul/2024 14:05:42] [:] INFO - HHH000108: Foreign keys: []
[06/jul/2024 14:05:42] [:] INFO - HHH000126: Indexes: [primary]
[06/jul/2024 14:05:42] [:] INFO - HHH000126: Indexes: [primary]
[06/jul/2024 14:05:42] [:] INFO - HHH000261: Table found: oh.medicaldsrstockmovward
[06/jul/2024 14:05:42] [:] INFO - HHH000261: Table found: oh.medicaldsrstockmovward
[06/jul/2024 14:05:42] [:] INFO - HHH000037: Columns: [mmvn_created_by, mmvn_is_patient, mmvn_last_modified_date, mmvn_wrd_id_a_to, mmvn_wrd_id_a_from, mmvn_lt_id, mmvn_mdsr_units, mmvn_created_date, mmvn_last_modified_by, mmvn_pat_id, mmvn_wrd_id_a, mmvn_date, mmvn_pat_weight, mmvn_mdsr_id, mmvn_pat_age, mmvn_desc, mmvn_id, mmvn_active, mmvn_mdsr_qty]
[06/jul/2024 14:05:42] [:] INFO - HHH000037: Columns: [mmvn_created_by, mmvn_is_patient, mmvn_last_modified_date, mmvn_wrd_id_a_to, mmvn_wrd_id_a_from, mmvn_lt_id, mmvn_mdsr_units, mmvn_created_date, mmvn_last_modified_by, mmvn_pat_id, mmvn_wrd_id_a, mmvn_date, mmvn_pat_weight, mmvn_mdsr_id, mmvn_pat_age, mmvn_desc, mmvn_id, mmvn_active, mmvn_mdsr_qty]
[06/jul/2024 14:05:42] [:] INFO - HHH000108: Foreign keys: [fk_medicaldsrstockmovward_patient, fk_rh1dk8t1y9uqnl1xa2jd42xdu, fk_medicaldsrstockmovward_lot, fk_medicaldsrstockmovward_ward, fk_kmx41rtrt0wn6msaqu9wy375k]
[06/jul/2024 14:05:42] [:] INFO - HHH000108: Foreign keys: [fk_medicaldsrstockmovward_patient, fk_rh1dk8t1y9uqnl1xa2jd42xdu, fk_medicaldsrstockmovward_lot, fk_medicaldsrstockmovward_ward, fk_kmx41rtrt0wn6msaqu9wy375k]
[06/jul/2024 14:05:42] [:] INFO - HHH000126: Indexes: [fk_medicaldsrstockmovward_lot_idx, fk_rh1dk8t1y9uqnl1xa2jd42xdu, fk_medicaldsrstockmovward_patient_idx, fk_medicaldsrstockmovward_ward_idx, fk_kmx41rtrt0wn6msaqu9wy375k, primary]
[06/jul/2024 14:05:42] [:] INFO - HHH000126: Indexes: [fk_medicaldsrstockmovward_lot_idx, fk_rh1dk8t1y9uqnl1xa2jd42xdu, fk_medicaldsrstockmovward_patient_idx, fk_medicaldsrstockmovward_ward_idx, fk_kmx41rtrt0wn6msaqu9wy375k, primary]
[06/jul/2024 14:05:42] [:] INFO - HHH000261: Table found: oh.medicaldsrtype
[06/jul/2024 14:05:42] [:] INFO - HHH000261: Table found: oh.medicaldsrtype
[06/jul/2024 14:05:42] [:] INFO - HHH000037: Columns: [mdsrt_id_a, mdsrt_created_by, mdsrt_last_modified_by, mdsrt_created_date, mdsrt_last_modified_date, mdsrt_desc, mdsrt_active]
[06/jul/2024 14:05:42] [:] INFO - HHH000037: Columns: [mdsrt_id_a, mdsrt_created_by, mdsrt_last_modified_by, mdsrt_created_date, mdsrt_last_modified_date, mdsrt_desc, mdsrt_active]
[06/jul/2024 14:05:42] [:] INFO - HHH000108: Foreign keys: []
[06/jul/2024 14:05:42] [:] INFO - HHH000108: Foreign keys: []
[06/jul/2024 14:05:42] [:] INFO - HHH000126: Indexes: [primary]
[06/jul/2024 14:05:42] [:] INFO - HHH000126: Indexes: [primary]
[06/jul/2024 14:05:42] [:] INFO - HHH000261: Table found: oh.medicaldsrward
[06/jul/2024 14:05:42] [:] INFO - HHH000261: Table found: oh.medicaldsrward
[06/jul/2024 14:05:42] [:] INFO - HHH000037: Columns: [mdsrwrd_wrd_id_a, mdsrwrd_mdsr_id, mdsrwrd_in_qti, mdsrwrd_out_qti, mdsrwrd_created_by, mdsrwrd_created_date, mdsrwrd_active, mdsrwrd_last_modified_by, mdsrwrd_lt_id_a, mdsrwrd_last_modified_date]
[06/jul/2024 14:05:42] [:] INFO - HHH000037: Columns: [mdsrwrd_wrd_id_a, mdsrwrd_mdsr_id, mdsrwrd_in_qti, mdsrwrd_out_qti, mdsrwrd_created_by, mdsrwrd_created_date, mdsrwrd_active, mdsrwrd_last_modified_by, mdsrwrd_lt_id_a, mdsrwrd_last_modified_date]
[06/jul/2024 14:05:42] [:] INFO - HHH000108: Foreign keys: [fk_medicaldsrward_medicaldsr, fk_medicaldsrward_medicaldsrlot, fk_medicaldsrward_ward]
[06/jul/2024 14:05:42] [:] INFO - HHH000108: Foreign keys: [fk_medicaldsrward_medicaldsr, fk_medicaldsrward_medicaldsrlot, fk_medicaldsrward_ward]
[06/jul/2024 14:05:42] [:] INFO - HHH000126: Indexes: [fk_medicaldsrward_ward_idx, fk_medicaldsrward_medicaldsr_idx, fk_medicaldsrward_medicaldsrlot_idx, primary]
[06/jul/2024 14:05:42] [:] INFO - HHH000126: Indexes: [fk_medicaldsrward_ward_idx, fk_medicaldsrward_medicaldsr_idx, fk_medicaldsrward_medicaldsrlot_idx, primary]
[06/jul/2024 14:05:42] [:] INFO - HHH000261: Table found: oh.menuitem
[06/jul/2024 14:05:42] [:] INFO - HHH000261: Table found: oh.menuitem
[06/jul/2024 14:05:42] [:] INFO - HHH000037: Columns: [mni_id_a, mni_label, mni_submenu, mni_class, mni_tooltip, mni_btn_label, mni_is_submenu, mni_shortcut, mni_position]
[06/jul/2024 14:05:42] [:] INFO - HHH000037: Columns: [mni_id_a, mni_label, mni_submenu, mni_class, mni_tooltip, mni_btn_label, mni_is_submenu, mni_shortcut, mni_position]
[06/jul/2024 14:05:42] [:] INFO - HHH000108: Foreign keys: []
[06/jul/2024 14:05:42] [:] INFO - HHH000108: Foreign keys: []
[06/jul/2024 14:05:42] [:] INFO - HHH000126: Indexes: [primary]
[06/jul/2024 14:05:42] [:] INFO - HHH000126: Indexes: [primary]
[06/jul/2024 14:05:42] [:] INFO - HHH000261: Table found: oh.opd
[06/jul/2024 14:05:42] [:] INFO - HHH000261: Table found: oh.opd
[06/jul/2024 14:05:42] [:] INFO - HHH000037: Columns: [opd_date, opd_date_vis, opd_note, opd_age, opd_referral_from, opd_lock, opd_created_by, opd_sex, opd_pat_id, opd_referral_to, opd_last_modified_by, opd_date_next_vis, opd_dis_id_a_3, opd_dis_id_a_2, opd_usr_id_a, opd_id, opd_prog_year, opd_last_modified_date, opd_dis_id_a, opd_new_pat, opd_created_date, opd_active]
[06/jul/2024 14:05:42] [:] INFO - HHH000037: Columns: [opd_date, opd_date_vis, opd_note, opd_age, opd_referral_from, opd_lock, opd_created_by, opd_sex, opd_pat_id, opd_referral_to, opd_last_modified_by, opd_date_next_vis, opd_dis_id_a_3, opd_dis_id_a_2, opd_usr_id_a, opd_id, opd_prog_year, opd_last_modified_date, opd_dis_id_a, opd_new_pat, opd_created_date, opd_active]
[06/jul/2024 14:05:42] [:] INFO - HHH000108: Foreign keys: [fk_opd_disease_3, fk_opd_disease, fk_opd_disease_2, fk_opd_patient]
[06/jul/2024 14:05:42] [:] INFO - HHH000108: Foreign keys: [fk_opd_disease_3, fk_opd_disease, fk_opd_disease_2, fk_opd_patient]
[06/jul/2024 14:05:42] [:] INFO - HHH000126: Indexes: [fk_opd_disease_3, fk_opd_disease, fk_opd_disease_2, fk_opd_patient, primary]
[06/jul/2024 14:05:42] [:] INFO - HHH000126: Indexes: [fk_opd_disease_3, fk_opd_disease, fk_opd_disease_2, fk_opd_patient, primary]
[06/jul/2024 14:05:42] [:] INFO - HHH000261: Table found: oh.operation
[06/jul/2024 14:05:42] [:] INFO - HHH000261: Table found: oh.operation
[06/jul/2024 14:05:42] [:] INFO - HHH000037: Columns: [ope_for, ope_last_modified_by, ope_desc, ope_lock, ope_id_a, ope_ocl_id_a, ope_stat, ope_created_date, ope_last_modified_date, ope_created_by, ope_active]
[06/jul/2024 14:05:42] [:] INFO - HHH000037: Columns: [ope_for, ope_last_modified_by, ope_desc, ope_lock, ope_id_a, ope_ocl_id_a, ope_stat, ope_created_date, ope_last_modified_date, ope_created_by, ope_active]
[06/jul/2024 14:05:42] [:] INFO - HHH000108: Foreign keys: [fk_operation_operationtype]
[06/jul/2024 14:05:42] [:] INFO - HHH000108: Foreign keys: [fk_operation_operationtype]
[06/jul/2024 14:05:42] [:] INFO - HHH000126: Indexes: [fk_operation_operationtype, primary]
[06/jul/2024 14:05:42] [:] INFO - HHH000126: Indexes: [fk_operation_operationtype, primary]
[06/jul/2024 14:05:42] [:] INFO - HHH000261: Table found: oh.operationrow
[06/jul/2024 14:05:42] [:] INFO - HHH000261: Table found: oh.operationrow
[06/jul/2024 14:05:42] [:] INFO - HHH000037: Columns: [oper_result, oper_opdate, oper_created_by, oper_remarks, oper_active, oper_bill_id, oper_trans_unit, oper_prescriber, oper_opd_id, oper_last_modified_date, oper_id_a, oper_admission_id, oper_id, oper_created_date, oper_last_modified_by]
[06/jul/2024 14:05:42] [:] INFO - HHH000037: Columns: [oper_result, oper_opdate, oper_created_by, oper_remarks, oper_active, oper_bill_id, oper_trans_unit, oper_prescriber, oper_opd_id, oper_last_modified_date, oper_id_a, oper_admission_id, oper_id, oper_created_date, oper_last_modified_by]
[06/jul/2024 14:05:42] [:] INFO - HHH000108: Foreign keys: [fk_ran2i50125kpho7sbfjev22br, fk_g83y9kmg8hk9n4gkyccgcwl59, fk_bpyjq3pxlcpmj6dk00rdppllk, fk_3w22ep28spkoi47rmqryighg]
[06/jul/2024 14:05:42] [:] INFO - HHH000108: Foreign keys: [fk_ran2i50125kpho7sbfjev22br, fk_g83y9kmg8hk9n4gkyccgcwl59, fk_bpyjq3pxlcpmj6dk00rdppllk, fk_3w22ep28spkoi47rmqryighg]
[06/jul/2024 14:05:42] [:] INFO - HHH000126: Indexes: [fk_ran2i50125kpho7sbfjev22br, fk_g83y9kmg8hk9n4gkyccgcwl59, fk_bpyjq3pxlcpmj6dk00rdppllk, fk_3w22ep28spkoi47rmqryighg, primary]
[06/jul/2024 14:05:42] [:] INFO - HHH000126: Indexes: [fk_ran2i50125kpho7sbfjev22br, fk_g83y9kmg8hk9n4gkyccgcwl59, fk_bpyjq3pxlcpmj6dk00rdppllk, fk_3w22ep28spkoi47rmqryighg, primary]
[06/jul/2024 14:05:42] [:] INFO - HHH000261: Table found: oh.operationtype
[06/jul/2024 14:05:42] [:] INFO - HHH000261: Table found: oh.operationtype
[06/jul/2024 14:05:42] [:] INFO - HHH000037: Columns: [ocl_active, ocl_id_a, ocl_last_modified_date, ocl_desc, ocl_last_modified_by, ocl_type, ocl_created_date, ocl_created_by]
[06/jul/2024 14:05:42] [:] INFO - HHH000037: Columns: [ocl_active, ocl_id_a, ocl_last_modified_date, ocl_desc, ocl_last_modified_by, ocl_type, ocl_created_date, ocl_created_by]
[06/jul/2024 14:05:42] [:] INFO - HHH000108: Foreign keys: []
[06/jul/2024 14:05:42] [:] INFO - HHH000108: Foreign keys: []
[06/jul/2024 14:05:42] [:] INFO - HHH000126: Indexes: [primary]
[06/jul/2024 14:05:42] [:] INFO - HHH000126: Indexes: [primary]
[06/jul/2024 14:05:42] [:] INFO - HHH000261: Table found: oh.patient
[06/jul/2024 14:05:42] [:] INFO - HHH000261: Table found: oh.patient
[06/jul/2024 14:05:42] [:] INFO - HHH000037: Columns: [pat_created_by, pat_sex, pat_name, pat_btype, pat_last_modified_by, pat_moth, pat_mar_stat, pat_active, pat_fname, pat_addr, pat_fath, pat_next_kin, pat_lock, pat_sname, pat_id, pat_city, pat_deleted, pat_agetype, pat_tele, pat_taxcode, pat_esta, pat_age, pat_fath_name, pat_note, pat_last_modified_date, pat_created_date, pat_bdate, profile_photo_id, pat_timestamp, pat_ledu, pat_moth_name, pat_ptoge, pat_profession]
[06/jul/2024 14:05:42] [:] INFO - HHH000037: Columns: [pat_created_by, pat_sex, pat_name, pat_btype, pat_last_modified_by, pat_moth, pat_mar_stat, pat_active, pat_fname, pat_addr, pat_fath, pat_next_kin, pat_lock, pat_sname, pat_id, pat_city, pat_deleted, pat_agetype, pat_tele, pat_taxcode, pat_esta, pat_age, pat_fath_name, pat_note, pat_last_modified_date, pat_created_date, pat_bdate, profile_photo_id, pat_timestamp, pat_ledu, pat_moth_name, pat_ptoge, pat_profession]
[06/jul/2024 14:05:42] [:] INFO - HHH000108: Foreign keys: []
[06/jul/2024 14:05:42] [:] INFO - HHH000108: Foreign keys: []
[06/jul/2024 14:05:42] [:] INFO - HHH000126: Indexes: [primary]
[06/jul/2024 14:05:42] [:] INFO - HHH000126: Indexes: [primary]
[06/jul/2024 14:05:42] [:] INFO - HHH000261: Table found: oh.patientexamination
[06/jul/2024 14:05:42] [:] INFO - HHH000261: Table found: oh.patientexamination
[06/jul/2024 14:05:42] [:] INFO - HHH000037: Columns: [pex_hr, pex_last_modified_by, pex_date, pex_hgt, pex_note, pex_ap_min, pex_bowel_desc, pex_ausc, pex_ap_max, pex_created_by, pex_active, pex_diuresis, pex_id, pex_sat, pex_last_modified_date, pex_height, pex_created_date, pex_pat_id, pex_rr, pex_weight, pex_diuresis_desc, pex_temp]
[06/jul/2024 14:05:42] [:] INFO - HHH000037: Columns: [pex_hr, pex_last_modified_by, pex_date, pex_hgt, pex_note, pex_ap_min, pex_bowel_desc, pex_ausc, pex_ap_max, pex_created_by, pex_active, pex_diuresis, pex_id, pex_sat, pex_last_modified_date, pex_height, pex_created_date, pex_pat_id, pex_rr, pex_weight, pex_diuresis_desc, pex_temp]
[06/jul/2024 14:05:42] [:] INFO - HHH000108: Foreign keys: [fk_patientexamination_patient]
[06/jul/2024 14:05:42] [:] INFO - HHH000108: Foreign keys: [fk_patientexamination_patient]
[06/jul/2024 14:05:42] [:] INFO - HHH000126: Indexes: [pex_pat_id, primary]
[06/jul/2024 14:05:42] [:] INFO - HHH000126: Indexes: [pex_pat_id, primary]
[06/jul/2024 14:05:42] [:] INFO - HHH000261: Table found: oh.patientvaccine
[06/jul/2024 14:05:42] [:] INFO - HHH000261: Table found: oh.patientvaccine
[06/jul/2024 14:05:42] [:] INFO - HHH000037: Columns: [pav_created_date, pav_yprog, pav_pat_id, pav_id, pav_created_by, pav_active, pav_vac_id_a, pav_lock, pav_date, pav_last_modified_by, pav_last_modified_date]
[06/jul/2024 14:05:42] [:] INFO - HHH000037: Columns: [pav_created_date, pav_yprog, pav_pat_id, pav_id, pav_created_by, pav_active, pav_vac_id_a, pav_lock, pav_date, pav_last_modified_by, pav_last_modified_date]
[06/jul/2024 14:05:42] [:] INFO - HHH000108: Foreign keys: [fk_patientvaccine_patient, fk_patientvaccine_vaccine]
[06/jul/2024 14:05:42] [:] INFO - HHH000108: Foreign keys: [fk_patientvaccine_patient, fk_patientvaccine_vaccine]
[06/jul/2024 14:05:42] [:] INFO - HHH000126: Indexes: [fk_patientvaccine_patient, fk_patientvaccine_vaccine, primary]
[06/jul/2024 14:05:42] [:] INFO - HHH000126: Indexes: [fk_patientvaccine_patient, fk_patientvaccine_vaccine, primary]
[06/jul/2024 14:05:42] [:] INFO - HHH000261: Table found: oh.patient_profile_photo
[06/jul/2024 14:05:42] [:] INFO - HHH000261: Table found: oh.patient_profile_photo
[06/jul/2024 14:05:42] [:] INFO - HHH000037: Columns: [pat_profile_photo_id, pat_photo]
[06/jul/2024 14:05:42] [:] INFO - HHH000037: Columns: [pat_profile_photo_id, pat_photo]
[06/jul/2024 14:05:42] [:] INFO - HHH000108: Foreign keys: []
[06/jul/2024 14:05:42] [:] INFO - HHH000108: Foreign keys: []
[06/jul/2024 14:05:42] [:] INFO - HHH000126: Indexes: [primary]
[06/jul/2024 14:05:42] [:] INFO - HHH000126: Indexes: [primary]
[06/jul/2024 14:05:42] [:] INFO - HHH000261: Table found: oh.pregnanttreatmenttype
[06/jul/2024 14:05:42] [:] INFO - HHH000261: Table found: oh.pregnanttreatmenttype
[06/jul/2024 14:05:42] [:] INFO - HHH000037: Columns: [ptt_desc, ptt_created_by, ptt_last_modified_by, ptt_id_a, ptt_last_modified_date, ptt_created_date, ptt_active]
[06/jul/2024 14:05:42] [:] INFO - HHH000037: Columns: [ptt_desc, ptt_created_by, ptt_last_modified_by, ptt_id_a, ptt_last_modified_date, ptt_created_date, ptt_active]
[06/jul/2024 14:05:42] [:] INFO - HHH000108: Foreign keys: []
[06/jul/2024 14:05:42] [:] INFO - HHH000108: Foreign keys: []
[06/jul/2024 14:05:42] [:] INFO - HHH000126: Indexes: [primary]
[06/jul/2024 14:05:42] [:] INFO - HHH000126: Indexes: [primary]
[06/jul/2024 14:05:42] [:] INFO - HHH000261: Table found: oh.pricelists
[06/jul/2024 14:05:42] [:] INFO - HHH000261: Table found: oh.pricelists
[06/jul/2024 14:05:42] [:] INFO - HHH000037: Columns: [lst_created_date, lst_desc, lst_currency, lst_last_modified_by, lst_name, lst_code, lst_active, lst_id, lst_created_by, lst_last_modified_date]
[06/jul/2024 14:05:42] [:] INFO - HHH000037: Columns: [lst_created_date, lst_desc, lst_currency, lst_last_modified_by, lst_name, lst_code, lst_active, lst_id, lst_created_by, lst_last_modified_date]
[06/jul/2024 14:05:42] [:] INFO - HHH000108: Foreign keys: []
[06/jul/2024 14:05:42] [:] INFO - HHH000108: Foreign keys: []
[06/jul/2024 14:05:42] [:] INFO - HHH000126: Indexes: [primary]
[06/jul/2024 14:05:42] [:] INFO - HHH000126: Indexes: [primary]
[06/jul/2024 14:05:42] [:] INFO - HHH000261: Table found: oh.prices
[06/jul/2024 14:05:42] [:] INFO - HHH000261: Table found: oh.prices
[06/jul/2024 14:05:42] [:] INFO - HHH000037: Columns: [prc_price, prc_last_modified_by, prc_item, prc_grp, prc_last_modified_date, prc_id, prc_created_by, prc_active, prc_created_date, prc_desc, prc_lst_id]
[06/jul/2024 14:05:42] [:] INFO - HHH000037: Columns: [prc_price, prc_last_modified_by, prc_item, prc_grp, prc_last_modified_date, prc_id, prc_created_by, prc_active, prc_created_date, prc_desc, prc_lst_id]
[06/jul/2024 14:05:42] [:] INFO - HHH000108: Foreign keys: [fk_prices_pricelists]
[06/jul/2024 14:05:42] [:] INFO - HHH000108: Foreign keys: [fk_prices_pricelists]
[06/jul/2024 14:05:42] [:] INFO - HHH000126: Indexes: [fk_prices_pricelists, primary]
[06/jul/2024 14:05:42] [:] INFO - HHH000126: Indexes: [fk_prices_pricelists, primary]
[06/jul/2024 14:05:42] [:] INFO - HHH000261: Table found: oh.pricesothers
[06/jul/2024 14:05:42] [:] INFO - HHH000261: Table found: oh.pricesothers
[06/jul/2024 14:05:42] [:] INFO - HHH000037: Columns: [oth_last_modified_date, oth_undefined, oth_created_date, oth_ipd_include, oth_id, oth_discharge, oth_active, oth_opd_include, oth_desc, oth_daily, oth_created_by, oth_last_modified_by, oth_code]
[06/jul/2024 14:05:42] [:] INFO - HHH000037: Columns: [oth_last_modified_date, oth_undefined, oth_created_date, oth_ipd_include, oth_id, oth_discharge, oth_active, oth_opd_include, oth_desc, oth_daily, oth_created_by, oth_last_modified_by, oth_code]
[06/jul/2024 14:05:42] [:] INFO - HHH000108: Foreign keys: []
[06/jul/2024 14:05:42] [:] INFO - HHH000108: Foreign keys: []
[06/jul/2024 14:05:42] [:] INFO - HHH000126: Indexes: [primary]
[06/jul/2024 14:05:42] [:] INFO - HHH000126: Indexes: [primary]
[06/jul/2024 14:05:42] [:] INFO - HHH000261: Table found: oh.sms
[06/jul/2024 14:05:42] [:] INFO - HHH000261: Table found: oh.sms
[06/jul/2024 14:05:42] [:] INFO - HHH000037: Columns: [sms_date, sms_id, sms_mod, sms_date_sent, sms_user, sms_mod_id, sms_date_sched, sms_number, sms_text]
[06/jul/2024 14:05:42] [:] INFO - HHH000037: Columns: [sms_date, sms_id, sms_mod, sms_date_sent, sms_user, sms_mod_id, sms_date_sched, sms_number, sms_text]
[06/jul/2024 14:05:42] [:] INFO - HHH000108: Foreign keys: []
[06/jul/2024 14:05:42] [:] INFO - HHH000108: Foreign keys: []
[06/jul/2024 14:05:42] [:] INFO - HHH000126: Indexes: [primary]
[06/jul/2024 14:05:42] [:] INFO - HHH000126: Indexes: [primary]
[06/jul/2024 14:05:42] [:] INFO - HHH000261: Table found: oh.supplier
[06/jul/2024 14:05:42] [:] INFO - HHH000261: Table found: oh.supplier
[06/jul/2024 14:05:42] [:] INFO - HHH000037: Columns: [sup_created_by, sup_created_date, sup_phone, sup_fax, sup_address, sup_taxcode, sup_last_modified_by, sup_id, sup_note, sup_active, sup_name, sup_email, sup_last_modified_date, sup_deleted]
[06/jul/2024 14:05:42] [:] INFO - HHH000037: Columns: [sup_created_by, sup_created_date, sup_phone, sup_fax, sup_address, sup_taxcode, sup_last_modified_by, sup_id, sup_note, sup_active, sup_name, sup_email, sup_last_modified_date, sup_deleted]
[06/jul/2024 14:05:42] [:] INFO - HHH000108: Foreign keys: []
[06/jul/2024 14:05:42] [:] INFO - HHH000108: Foreign keys: []
[06/jul/2024 14:05:42] [:] INFO - HHH000126: Indexes: [primary]
[06/jul/2024 14:05:42] [:] INFO - HHH000126: Indexes: [primary]
[06/jul/2024 14:05:42] [:] INFO - HHH000261: Table found: oh.therapies
[06/jul/2024 14:05:42] [:] INFO - HHH000261: Table found: oh.therapies
[06/jul/2024 14:05:42] [:] INFO - HHH000037: Columns: [thr_sms, thr_last_modified_date, thr_qty, thr_pat_id, thr_freqinday, thr_startdate, thr_enddate, thr_note, thr_unt_id, thr_freqinprd, thr_mdsr_id, thr_created_by, thr_last_modified_by, thr_notify, thr_created_date, thr_id, thr_active]
[06/jul/2024 14:05:42] [:] INFO - HHH000037: Columns: [thr_sms, thr_last_modified_date, thr_qty, thr_pat_id, thr_freqinday, thr_startdate, thr_enddate, thr_note, thr_unt_id, thr_freqinprd, thr_mdsr_id, thr_created_by, thr_last_modified_by, thr_notify, thr_created_date, thr_id, thr_active]
[06/jul/2024 14:05:42] [:] INFO - HHH000108: Foreign keys: [fk_therapies_mdsr, fk_therapies_patient]
[06/jul/2024 14:05:42] [:] INFO - HHH000108: Foreign keys: [fk_therapies_mdsr, fk_therapies_patient]
[06/jul/2024 14:05:42] [:] INFO - HHH000126: Indexes: [fk_therapies_mdsr, fk_therapies_patient, primary]
[06/jul/2024 14:05:42] [:] INFO - HHH000126: Indexes: [fk_therapies_mdsr, fk_therapies_patient, primary]
[06/jul/2024 14:05:42] [:] INFO - HHH000261: Table found: oh.user
[06/jul/2024 14:05:42] [:] INFO - HHH000261: Table found: oh.user
[06/jul/2024 14:05:42] [:] INFO - HHH000037: Columns: [us_created_date, us_desc, us_passwd, us_last_modified_by, us_active, us_last_modified_date, us_id_a, us_created_by, us_ug_id_a]
[06/jul/2024 14:05:42] [:] INFO - HHH000037: Columns: [us_created_date, us_desc, us_passwd, us_last_modified_by, us_active, us_last_modified_date, us_id_a, us_created_by, us_ug_id_a]
[06/jul/2024 14:05:42] [:] INFO - HHH000108: Foreign keys: [fk_user_usergroup]
[06/jul/2024 14:05:42] [:] INFO - HHH000108: Foreign keys: [fk_user_usergroup]
[06/jul/2024 14:05:42] [:] INFO - HHH000126: Indexes: [fk_user_usergroup, primary]
[06/jul/2024 14:05:42] [:] INFO - HHH000126: Indexes: [fk_user_usergroup, primary]
[06/jul/2024 14:05:42] [:] INFO - HHH000261: Table found: oh.usergroup
[06/jul/2024 14:05:42] [:] INFO - HHH000261: Table found: oh.usergroup
[06/jul/2024 14:05:42] [:] INFO - HHH000037: Columns: [ug_id_a, ug_created_date, ug_created_by, ug_last_modified_by, ug_last_modified_date, ug_desc, ug_active]
[06/jul/2024 14:05:42] [:] INFO - HHH000037: Columns: [ug_id_a, ug_created_date, ug_created_by, ug_last_modified_by, ug_last_modified_date, ug_desc, ug_active]
[06/jul/2024 14:05:42] [:] INFO - HHH000108: Foreign keys: []
[06/jul/2024 14:05:42] [:] INFO - HHH000108: Foreign keys: []
[06/jul/2024 14:05:42] [:] INFO - HHH000126: Indexes: [primary]
[06/jul/2024 14:05:42] [:] INFO - HHH000126: Indexes: [primary]
[06/jul/2024 14:05:42] [:] INFO - HHH000261: Table found: oh.vaccine
[06/jul/2024 14:05:42] [:] INFO - HHH000261: Table found: oh.vaccine
[06/jul/2024 14:05:42] [:] INFO - HHH000037: Columns: [vac_created_by, vac_last_modified_by, vac_active, vac_vact_id_a, vac_id_a, vac_lock, vac_desc, vac_last_modified_date, vac_created_date]
[06/jul/2024 14:05:42] [:] INFO - HHH000037: Columns: [vac_created_by, vac_last_modified_by, vac_active, vac_vact_id_a, vac_id_a, vac_lock, vac_desc, vac_last_modified_date, vac_created_date]
[06/jul/2024 14:05:42] [:] INFO - HHH000108: Foreign keys: [fk_vaccine_vaccinetype]
[06/jul/2024 14:05:42] [:] INFO - HHH000108: Foreign keys: [fk_vaccine_vaccinetype]
[06/jul/2024 14:05:42] [:] INFO - HHH000126: Indexes: [fk_vaccine_vaccinetype, primary]
[06/jul/2024 14:05:42] [:] INFO - HHH000126: Indexes: [fk_vaccine_vaccinetype, primary]
[06/jul/2024 14:05:42] [:] INFO - HHH000261: Table found: oh.vaccinetype
[06/jul/2024 14:05:42] [:] INFO - HHH000261: Table found: oh.vaccinetype
[06/jul/2024 14:05:42] [:] INFO - HHH000037: Columns: [vact_created_date, vact_id_a, vact_active, vact_desc, vact_created_by, vact_last_modified_by, vact_last_modified_date]
[06/jul/2024 14:05:42] [:] INFO - HHH000037: Columns: [vact_created_date, vact_id_a, vact_active, vact_desc, vact_created_by, vact_last_modified_by, vact_last_modified_date]
[06/jul/2024 14:05:42] [:] INFO - HHH000108: Foreign keys: []
[06/jul/2024 14:05:42] [:] INFO - HHH000108: Foreign keys: []
[06/jul/2024 14:05:42] [:] INFO - HHH000126: Indexes: [primary]
[06/jul/2024 14:05:42] [:] INFO - HHH000126: Indexes: [primary]
[06/jul/2024 14:05:42] [:] INFO - HHH000261: Table found: oh.visits
[06/jul/2024 14:05:42] [:] INFO - HHH000261: Table found: oh.visits
[06/jul/2024 14:05:42] [:] INFO - HHH000037: Columns: [vst_created_by, vst_pat_id, vst_id, vst_date, vst_created_date, vst_note, vst_service, vst_active, vst_duration, vst_wrd_id_a, vst_last_modified_date, vst_last_modified_by, vst_sms]
[06/jul/2024 14:05:42] [:] INFO - HHH000037: Columns: [vst_created_by, vst_pat_id, vst_id, vst_date, vst_created_date, vst_note, vst_service, vst_active, vst_duration, vst_wrd_id_a, vst_last_modified_date, vst_last_modified_by, vst_sms]
[06/jul/2024 14:05:42] [:] INFO - HHH000108: Foreign keys: [fk_visits_patient, fk_visits_ward]
[06/jul/2024 14:05:42] [:] INFO - HHH000108: Foreign keys: [fk_visits_patient, fk_visits_ward]
[06/jul/2024 14:05:42] [:] INFO - HHH000126: Indexes: [fk_visits_patient, fk_visits_ward, primary]
[06/jul/2024 14:05:42] [:] INFO - HHH000126: Indexes: [fk_visits_patient, fk_visits_ward, primary]
[06/jul/2024 14:05:42] [:] INFO - HHH000261: Table found: oh.ward
[06/jul/2024 14:05:42] [:] INFO - HHH000261: Table found: oh.ward
[06/jul/2024 14:05:42] [:] INFO - HHH000037: Columns: [wrd_name, wrd_email, wrd_ndoc, wrd_lock, wrd_tele, wrd_is_pharmacy, wrd_is_male, wrd_active, wrd_id_a, wrd_last_modified_by, wrd_nqua_nurs, wrd_nbeds, wrd_is_female, wrd_created_date, wrd_last_modified_date, wrd_fax, wrd_created_by]
[06/jul/2024 14:05:42] [:] INFO - HHH000037: Columns: [wrd_name, wrd_email, wrd_ndoc, wrd_lock, wrd_tele, wrd_is_pharmacy, wrd_is_male, wrd_active, wrd_id_a, wrd_last_modified_by, wrd_nqua_nurs, wrd_nbeds, wrd_is_female, wrd_created_date, wrd_last_modified_date, wrd_fax, wrd_created_by]
[06/jul/2024 14:05:42] [:] INFO - HHH000108: Foreign keys: []
[06/jul/2024 14:05:42] [:] INFO - HHH000108: Foreign keys: []
[06/jul/2024 14:05:42] [:] INFO - HHH000126: Indexes: [primary]
[06/jul/2024 14:05:42] [:] INFO - HHH000126: Indexes: [primary]
[06/jul/2024 14:05:42] [:] ERROR - HHH000388: Unsuccessful: alter table MEDICALDSRSTOCKMOVWARD add index FK_dv14nvlaoqgjet58l5j5dvj2o (MMVN_MDSR_ID), add constraint FK_dv14nvlaoqgjet58l5j5dvj2o foreign key (MMVN_MDSR_ID) references MEDICALDSR (MDSR_ID)
[06/jul/2024 14:05:42] [:] ERROR - HHH000388: Unsuccessful: alter table MEDICALDSRSTOCKMOVWARD add index FK_dv14nvlaoqgjet58l5j5dvj2o (MMVN_MDSR_ID), add constraint FK_dv14nvlaoqgjet58l5j5dvj2o foreign key (MMVN_MDSR_ID) references MEDICALDSR (MDSR_ID)
[06/jul/2024 14:05:42] [:] ERROR - Can't create table `oh`.`medicaldsrstockmovward` (errno: 150 "Foreign key constraint is incorrectly formed")
[06/jul/2024 14:05:42] [:] ERROR - Can't create table `oh`.`medicaldsrstockmovward` (errno: 150 "Foreign key constraint is incorrectly formed")
[06/jul/2024 14:05:42] [:] ERROR - HHH000388: Unsuccessful: alter table PATIENT add index FK_5hi42h8umin9u94vuey9qu7g4 (PROFILE_PHOTO_ID), add constraint FK_5hi42h8umin9u94vuey9qu7g4 foreign key (PROFILE_PHOTO_ID) references PATIENT_PROFILE_PHOTO (PAT_PROFILE_PHOTO_ID)
[06/jul/2024 14:05:42] [:] ERROR - HHH000388: Unsuccessful: alter table PATIENT add index FK_5hi42h8umin9u94vuey9qu7g4 (PROFILE_PHOTO_ID), add constraint FK_5hi42h8umin9u94vuey9qu7g4 foreign key (PROFILE_PHOTO_ID) references PATIENT_PROFILE_PHOTO (PAT_PROFILE_PHOTO_ID)
[06/jul/2024 14:05:42] [:] ERROR - Can't create table `oh`.`patient` (errno: 150 "Foreign key constraint is incorrectly formed")
[06/jul/2024 14:05:42] [:] ERROR - Can't create table `oh`.`patient` (errno: 150 "Foreign key constraint is incorrectly formed")
[06/jul/2024 14:05:42] [:] INFO - HHH000232: Schema update complete
[06/jul/2024 14:05:42] [:] INFO - HHH000232: Schema update complete
[06/jul/2024 14:05:42] [:] INFO - Initialized JPA EntityManagerFactory for persistence unit 'default'
[06/jul/2024 14:05:43] [:] INFO - SMS Sender GSM started...
[06/jul/2024 14:05:43] [:] INFO - File sms.properties loaded.
[06/jul/2024 14:05:44] [:] INFO - File examination.properties loaded.
]]></system-out>
  </testcase>
  <testcase name="testIoSupplierGetList" classname="org.isf.supplier.test.Tests" time="0.738"/>
  <testcase name="testIoSupplierSaveOrUpdate" classname="org.isf.supplier.test.Tests" time="0.686"/>
  <testcase name="testSupplierEquals" classname="org.isf.supplier.test.Tests" time="0.721"/>
  <testcase name="testSupplierToString" classname="org.isf.supplier.test.Tests" time="0.682"/>
  <testcase name="testSupplierGets" classname="org.isf.supplier.test.Tests" time="0.711"/>
  <testcase name="testSupplierSets" classname="org.isf.supplier.test.Tests" time="0.711"/>
  <testcase name="testIoSupplierGetAll" classname="org.isf.supplier.test.Tests" time="0.699"/>
  <testcase name="testSupplierHashCode" classname="org.isf.supplier.test.Tests" time="0.692"/>
  <testcase name="testMgrSupplierGetAll" classname="org.isf.supplier.test.Tests" time="0.685"/>
  <testcase name="testMgrSupplierSaveOrUpdate" classname="org.isf.supplier.test.Tests" time="0.662"/>
  <testcase name="testMgrGetHashMap" classname="org.isf.supplier.test.Tests" time="0.702"/>
  <testcase name="testMgrSupplierGetByID" classname="org.isf.supplier.test.Tests" time="0.689"/>
  <testcase name="testMgrSupplierGetList" classname="org.isf.supplier.test.Tests" time="0.664"/>
</testsuite>