<?xml version="1.0" encoding="UTF-8"?>
<testsuite xmlns:xsi="http://www.w3.org/2001/XMLSchema-instance" xsi:noNamespaceSchemaLocation="https://maven.apache.org/surefire/maven-surefire-plugin/xsd/surefire-test-report-3.0.xsd" version="3.0" name="org.isf.lab.test.Tests" time="0.938" tests="162" errors="0" skipped="2" failures="0">
  <properties>
[...]
</properties>
  <testcase name="testMgrNewLaboratory2ProcedureEquals2NullLabRows[Test with LABEXTENDED=false]" classname="org.isf.lab.test.Tests" time="0.01">
    <system-out><![CDATA[[05/jul/2024 17:55:25] [:] INFO - Loaded default TestExecutionListener class names from location [META-INF/spring.factories]: [org.springframework.test.context.web.ServletTestExecutionListener, org.springframework.test.context.support.DirtiesContextBeforeModesTestExecutionListener, org.springframework.test.context.support.DependencyInjectionTestExecutionListener, org.springframework.test.context.support.DirtiesContextTestExecutionListener, org.springframework.test.context.transaction.TransactionalTestExecutionListener, org.springframework.test.context.jdbc.SqlScriptsTestExecutionListener, org.springframework.boot.test.mock.mockito.MockitoTestExecutionListener, org.springframework.boot.test.mock.mockito.ResetMocksTestExecutionListener, org.springframework.boot.test.autoconfigure.restdocs.RestDocsTestExecutionListener, org.springframework.boot.test.autoconfigure.web.client.MockRestServiceServerResetTestExecutionListener, org.springframework.boot.test.autoconfigure.web.servlet.MockMvcPrintOnlyOnFailureTestExecutionListener, org.springframework.boot.test.autoconfigure.web.servlet.WebDriverTestExecutionListener]
[05/jul/2024 17:55:25] [:] INFO - Using TestExecutionListeners: [org.springframework.test.context.support.DirtiesContextBeforeModesTestExecutionListener@53fe71b5, org.springframework.boot.test.mock.mockito.MockitoTestExecutionListener@170ee08f, org.springframework.test.context.support.DependencyInjectionTestExecutionListener@3ca688b7, org.springframework.test.context.support.DirtiesContextTestExecutionListener@2ba966d7, org.springframework.test.context.transaction.TransactionalTestExecutionListener@b7ad9ce, org.springframework.test.context.jdbc.SqlScriptsTestExecutionListener@6b104ab6, org.springframework.boot.test.mock.mockito.ResetMocksTestExecutionListener@637b9453, org.springframework.boot.test.autoconfigure.restdocs.RestDocsTestExecutionListener@304c935, org.springframework.boot.test.autoconfigure.web.client.MockRestServiceServerResetTestExecutionListener@5e6dd432, org.springframework.boot.test.autoconfigure.web.servlet.MockMvcPrintOnlyOnFailureTestExecutionListener@37c170b3, org.springframework.boot.test.autoconfigure.web.servlet.WebDriverTestExecutionListener@827a314]
]]></system-out>
  </testcase>
  <testcase name="testMgrGetLaboratoryRelatedToPatient[Test with LABEXTENDED=false]" classname="org.isf.lab.test.Tests" time="0.019"/>
  <testcase name="testMgrNewLaboratory2TransactionNoLabList[Test with LABEXTENDED=false]" classname="org.isf.lab.test.Tests" time="0.011"/>
  <testcase name="testIoGetLabRowByLabId[Test with LABEXTENDED=false]" classname="org.isf.lab.test.Tests" time="0.007"/>
  <testcase name="testIoEditLabSecondProcedure[Test with LABEXTENDED=false]" classname="org.isf.lab.test.Tests" time="0.009"/>
  <testcase name="testLaboratoryForPrintGetterSetter[Test with LABEXTENDED=false]" classname="org.isf.lab.test.Tests" time="0.01"/>
  <testcase name="testMgrValidationLNoInOutPatient[Test with LABEXTENDED=false]" classname="org.isf.lab.test.Tests" time="0.005"/>
  <testcase name="testMgrNewLaboratoryTransactionNoLabList[Test with LABEXTENDED=false]" classname="org.isf.lab.test.Tests" time="0.003"/>
  <testcase name="testMgrEditLabSecondProcedure[Test with LABEXTENDED=false]" classname="org.isf.lab.test.Tests" time="0.005"/>
  <testcase name="testIoGetLaboratory[Test with LABEXTENDED=false]" classname="org.isf.lab.test.Tests" time="0.005"/>
  <testcase name="testMgrValidationLNoExam[Test with LABEXTENDED=false]" classname="org.isf.lab.test.Tests" time="0.003"/>
  <testcase name="testNewLaboratoryRowGetterSetters[Test with LABEXTENDED=false]" classname="org.isf.lab.test.Tests" time="0.002"/>
  <testcase name="testMgrNewLaboratory2ProcedureEquals1[Test with LABEXTENDED=false]" classname="org.isf.lab.test.Tests" time="0.004"/>
  <testcase name="testMgrNewLaboratory2ProcedureEquals2[Test with LABEXTENDED=false]" classname="org.isf.lab.test.Tests" time="0.005"/>
  <testcase name="testMgrNewLaboratory2ProcedureEquals3[Test with LABEXTENDED=false]" classname="org.isf.lab.test.Tests" time="0.005"/>
  <testcase name="testLaboratoryGets[Test with LABEXTENDED=false]" classname="org.isf.lab.test.Tests" time="0.004"/>
  <testcase name="testLaboratorySets[Test with LABEXTENDED=false]" classname="org.isf.lab.test.Tests" time="0.004"/>
  <testcase name="testLaboratoryEqualsHashToString[Test with LABEXTENDED=false]" classname="org.isf.lab.test.Tests" time="0.004"/>
  <testcase name="testMgrGetLaboratoryForPrintWithDates[Test with LABEXTENDED=false]" classname="org.isf.lab.test.Tests" time="0.006"/>
  <testcase name="testIoGetLaboratoryForPrintWithDates[Test with LABEXTENDED=false]" classname="org.isf.lab.test.Tests" time="0.004"/>
  <testcase name="testLaboratoryRowGets[Test with LABEXTENDED=false]" classname="org.isf.lab.test.Tests" time="0.004"/>
  <testcase name="testLaboratoryRowSets[Test with LABEXTENDED=false]" classname="org.isf.lab.test.Tests" time="0.004"/>
  <testcase name="testMgrGetMaterialKeyFound[Test with LABEXTENDED=false]" classname="org.isf.lab.test.Tests" time="0.002"/>
  <testcase name="testIoDeleteLaboratoryProcedureEquals2[Test with LABEXTENDED=false]" classname="org.isf.lab.test.Tests" time="0.005"/>
  <testcase name="testMgrUpdateLaboratoryExceptionBadProcedureNumber[Test with LABEXTENDED=false]" classname="org.isf.lab.test.Tests" time="0.002"/>
  <testcase name="testMgrNewLaboratoryProcedureEquals2EmptyLabRows[Test with LABEXTENDED=false]" classname="org.isf.lab.test.Tests" time="0.003"/>
  <testcase name="testIoGetLaboratoryWithoutDescription[Test with LABEXTENDED=false]" classname="org.isf.lab.test.Tests" time="0.004"/>
  <testcase name="testMgrUpdateLaboratoryProcedure1[Test with LABEXTENDED=false]" classname="org.isf.lab.test.Tests" time="0.004"/>
  <testcase name="testMgrUpdateLaboratoryProcedure2[Test with LABEXTENDED=false]" classname="org.isf.lab.test.Tests" time="0.006"/>
  <testcase name="testMgrUpdateLaboratoryProcedure3[Test with LABEXTENDED=false]" classname="org.isf.lab.test.Tests" time="0.004"/>
  <testcase name="testMgrNewLaboratoryExceptionsBadProcedureNumber[Test with LABEXTENDED=false]" classname="org.isf.lab.test.Tests" time="0.003"/>
  <testcase name="testMgrGetMaterialKeyUndefined[Test with LABEXTENDED=false]" classname="org.isf.lab.test.Tests" time="0.003"/>
  <testcase name="testIoGetLaboratoryForPrintWithExamDescriptionLikePersistedOne[Test with LABEXTENDED=false]" classname="org.isf.lab.test.Tests" time="0.004"/>
  <testcase name="testMgrUpdateLaboratoryExceptionNullLablRows[Test with LABEXTENDED=false]" classname="org.isf.lab.test.Tests" time="0.003"/>
  <testcase name="testMgrGetLaboratoryWithDatesAndExam[Test with LABEXTENDED=false]" classname="org.isf.lab.test.Tests" time="0.007"/>
  <testcase name="testMgrGetMaterialLIst[Test with LABEXTENDED=false]" classname="org.isf.lab.test.Tests" time="0.004"/>
  <testcase name="testMgrGetMaterialTranslatedNull[Test with LABEXTENDED=false]" classname="org.isf.lab.test.Tests" time="0.004"/>
  <testcase name="testMgrGetLaboratoryForPrintMultipeResultsRows[Test with LABEXTENDED=false]" classname="org.isf.lab.test.Tests" time="0.01"/>
  <testcase name="testMgrNewLaboratory2TransactionLabListNotEqualLabRowList[Test with LABEXTENDED=false]" classname="org.isf.lab.test.Tests" time="0.005"/>
  <testcase name="testIoNewLabSecondProcedure2[Test with LABEXTENDED=false]" classname="org.isf.lab.test.Tests" time="0.005"/>
  <testcase name="testMgrEditLabFirstProcedure[Test with LABEXTENDED=false]" classname="org.isf.lab.test.Tests" time="0.006"/>
  <testcase name="testMgrNewLaboratory2ProcedureEquals2EmptyLabRows[Test with LABEXTENDED=false]" classname="org.isf.lab.test.Tests" time="0.003"/>
  <testcase name="testMgrGetMaterialTranslatedFound[Test with LABEXTENDED=false]" classname="org.isf.lab.test.Tests" time="0.002"/>
  <testcase name="testMgrDeleteLaboratoryProcedure2[Test with LABEXTENDED=false]" classname="org.isf.lab.test.Tests" time="0.006"/>
  <testcase name="testMgrNewLaboratoryTransactionLabListNotEqualLabRowList[Test with LABEXTENDED=false]" classname="org.isf.lab.test.Tests" time="0.004"/>
  <testcase name="testMgrNewLaboratoryProcedureEquals2NullLabRows[Test with LABEXTENDED=false]" classname="org.isf.lab.test.Tests" time="0.003"/>
  <testcase name="testNewLaboratoryGetterSetters[Test with LABEXTENDED=false]" classname="org.isf.lab.test.Tests" time="0.003"/>
  <testcase name="testMgrNewLaboratory2Transaction[Test with LABEXTENDED=false]" classname="org.isf.lab.test.Tests" time="0.005"/>
  <testcase name="testIoGetLaboratoryForPrint[Test with LABEXTENDED=false]" classname="org.isf.lab.test.Tests" time="0.005"/>
  <testcase name="testIoGetLaboratoryForPrintWithNullExamDescription[Test with LABEXTENDED=false]" classname="org.isf.lab.test.Tests" time="0.005"/>
  <testcase name="testMgrGetLaboratoryForPrintWithExamDescriptionLikePersistedOne[Test with LABEXTENDED=false]" classname="org.isf.lab.test.Tests" time="0.005"/>
  <testcase name="testMgrNewLaboratoryTransaction[Test with LABEXTENDED=false]" classname="org.isf.lab.test.Tests" time="0.005"/>
  <testcase name="testMgrValidationMissingLabDate[Test with LABEXTENDED=false]" classname="org.isf.lab.test.Tests" time="0.004"/>
  <testcase name="testMgrnewLaboratoryProcedureEquals1[Test with LABEXTENDED=false]" classname="org.isf.lab.test.Tests" time="0.004"/>
  <testcase name="testMgrnewLaboratoryProcedureEquals2[Test with LABEXTENDED=false]" classname="org.isf.lab.test.Tests" time="0.004"/>
  <testcase name="testIoNewLabSecondProcedureTransaction[Test with LABEXTENDED=false]" classname="org.isf.lab.test.Tests" time="0.005"/>
  <testcase name="testMgrGetLaboratoryWithoutExamName[Test with LABEXTENDED=false]" classname="org.isf.lab.test.Tests" time="0.004"/>
  <testcase name="testMgrGetMaterialTranslatedNotThere[Test with LABEXTENDED=false]" classname="org.isf.lab.test.Tests" time="0.003"/>
  <testcase name="testMgrValidationLABEXTENDEDPatient[Test with LABEXTENDED=false]" classname="org.isf.lab.test.Tests" time="0.0">
    <skipped message="assumption was not met due to: &#10;Expecting value to be true but was false expected:&lt;[tru]e&gt; but was:&lt;[fals]e&gt;"/>
  </testcase>
  <testcase name="testLaboratoryRowEqualsHash[Test with LABEXTENDED=false]" classname="org.isf.lab.test.Tests" time="0.005"/>
  <testcase name="testMgrValidationLNoPatientBadAge[Test with LABEXTENDED=false]" classname="org.isf.lab.test.Tests" time="0.004"/>
  <testcase name="testMgrValidationLNoPatientBadSex[Test with LABEXTENDED=false]" classname="org.isf.lab.test.Tests" time="0.004"/>
  <testcase name="testMgrValidationLNoResult[Test with LABEXTENDED=false]" classname="org.isf.lab.test.Tests" time="0.004"/>
  <testcase name="testMgrValidationLABEXTENDEDNoPatient[Test with LABEXTENDED=false]" classname="org.isf.lab.test.Tests" time="0.0">
    <skipped message="assumption was not met due to: &#10;Expecting value to be true but was false expected:&lt;[tru]e&gt; but was:&lt;[fals]e&gt;"/>
  </testcase>
  <testcase name="testMgrUpdateLaboratoryExceptionEmptyLabRows[Test with LABEXTENDED=false]" classname="org.isf.lab.test.Tests" time="0.003"/>
  <testcase name="testRowMgrGetLabRowByLabId[Test with LABEXTENDED=false]" classname="org.isf.lab.test.Tests" time="0.005"/>
  <testcase name="testIoNewLabSecondProcedure[Test with LABEXTENDED=false]" classname="org.isf.lab.test.Tests" time="0.004"/>
  <testcase name="testIoGetLaboratoryFromPatient[Test with LABEXTENDED=false]" classname="org.isf.lab.test.Tests" time="0.004"/>
  <testcase name="testListenerShouldUpdatePatientToMergedWhenPatientMergedEventArrive[Test with LABEXTENDED=false]" classname="org.isf.lab.test.Tests" time="0.006"/>
  <testcase name="testMgrNewLaboratoryProcedureEquals2RollbackTransaction[Test with LABEXTENDED=false]" classname="org.isf.lab.test.Tests" time="0.004"/>
  <testcase name="testIoNewLabFirstProcedure[Test with LABEXTENDED=false]" classname="org.isf.lab.test.Tests" time="0.003"/>
  <testcase name="testMgrDeleteLaboratory[Test with LABEXTENDED=false]" classname="org.isf.lab.test.Tests" time="0.004"/>
  <testcase name="testIoDeleteLaboratory[Test with LABEXTENDED=false]" classname="org.isf.lab.test.Tests" time="0.004"/>
  <testcase name="testMgrGetLaboratory[Test with LABEXTENDED=false]" classname="org.isf.lab.test.Tests" time="0.005"/>
  <testcase name="testMgrGetLaboratoryForPrintWithNullExamDescription[Test with LABEXTENDED=false]" classname="org.isf.lab.test.Tests" time="0.004"/>
  <testcase name="testIoGetLaboratoryWithDates[Test with LABEXTENDED=false]" classname="org.isf.lab.test.Tests" time="0.004"/>
  <testcase name="testIoUpdateLaboratory[Test with LABEXTENDED=false]" classname="org.isf.lab.test.Tests" time="0.005"/>
  <testcase name="testMgrNewLaboratory2BadProcedureNumber[Test with LABEXTENDED=false]" classname="org.isf.lab.test.Tests" time="0.003"/>
  <testcase name="testMgrGetLaboratoryForPrintMultipeResultsNoRows[Test with LABEXTENDED=false]" classname="org.isf.lab.test.Tests" time="0.005"/>
  <testcase name="testMgrValidationLNoMaterial[Test with LABEXTENDED=false]" classname="org.isf.lab.test.Tests" time="0.004"/>
  <testcase name="testMgrValidationMissingExamDate[Test with LABEXTENDED=false]" classname="org.isf.lab.test.Tests" time="0.004"/>
  <testcase name="testMgrNewLaboratory2ProcedureEquals2NullLabRows[Test with LABEXTENDED=true]" classname="org.isf.lab.test.Tests" time="0.002"/>
  <testcase name="testMgrGetLaboratoryRelatedToPatient[Test with LABEXTENDED=true]" classname="org.isf.lab.test.Tests" time="0.017"/>
  <testcase name="testMgrNewLaboratory2TransactionNoLabList[Test with LABEXTENDED=true]" classname="org.isf.lab.test.Tests" time="0.005"/>
  <testcase name="testIoGetLabRowByLabId[Test with LABEXTENDED=true]" classname="org.isf.lab.test.Tests" time="0.006"/>
  <testcase name="testIoEditLabSecondProcedure[Test with LABEXTENDED=true]" classname="org.isf.lab.test.Tests" time="0.007"/>
  <testcase name="testLaboratoryForPrintGetterSetter[Test with LABEXTENDED=true]" classname="org.isf.lab.test.Tests" time="0.006"/>
  <testcase name="testMgrValidationLNoInOutPatient[Test with LABEXTENDED=true]" classname="org.isf.lab.test.Tests" time="0.005"/>
  <testcase name="testMgrNewLaboratoryTransactionNoLabList[Test with LABEXTENDED=true]" classname="org.isf.lab.test.Tests" time="0.003"/>
  <testcase name="testMgrEditLabSecondProcedure[Test with LABEXTENDED=true]" classname="org.isf.lab.test.Tests" time="0.003"/>
  <testcase name="testIoGetLaboratory[Test with LABEXTENDED=true]" classname="org.isf.lab.test.Tests" time="0.004"/>
  <testcase name="testMgrValidationLNoExam[Test with LABEXTENDED=true]" classname="org.isf.lab.test.Tests" time="0.003"/>
  <testcase name="testNewLaboratoryRowGetterSetters[Test with LABEXTENDED=true]" classname="org.isf.lab.test.Tests" time="0.002"/>
  <testcase name="testMgrNewLaboratory2ProcedureEquals1[Test with LABEXTENDED=true]" classname="org.isf.lab.test.Tests" time="0.004"/>
  <testcase name="testMgrNewLaboratory2ProcedureEquals2[Test with LABEXTENDED=true]" classname="org.isf.lab.test.Tests" time="0.003"/>
  <testcase name="testMgrNewLaboratory2ProcedureEquals3[Test with LABEXTENDED=true]" classname="org.isf.lab.test.Tests" time="0.004"/>
  <testcase name="testLaboratoryGets[Test with LABEXTENDED=true]" classname="org.isf.lab.test.Tests" time="0.002"/>
  <testcase name="testLaboratorySets[Test with LABEXTENDED=true]" classname="org.isf.lab.test.Tests" time="0.003"/>
  <testcase name="testLaboratoryEqualsHashToString[Test with LABEXTENDED=true]" classname="org.isf.lab.test.Tests" time="0.003"/>
  <testcase name="testMgrGetLaboratoryForPrintWithDates[Test with LABEXTENDED=true]" classname="org.isf.lab.test.Tests" time="0.003"/>
  <testcase name="testIoGetLaboratoryForPrintWithDates[Test with LABEXTENDED=true]" classname="org.isf.lab.test.Tests" time="0.003"/>
  <testcase name="testLaboratoryRowGets[Test with LABEXTENDED=true]" classname="org.isf.lab.test.Tests" time="0.004"/>
  <testcase name="testLaboratoryRowSets[Test with LABEXTENDED=true]" classname="org.isf.lab.test.Tests" time="0.003"/>
  <testcase name="testMgrGetMaterialKeyFound[Test with LABEXTENDED=true]" classname="org.isf.lab.test.Tests" time="0.002"/>
  <testcase name="testIoDeleteLaboratoryProcedureEquals2[Test with LABEXTENDED=true]" classname="org.isf.lab.test.Tests" time="0.005"/>
  <testcase name="testMgrUpdateLaboratoryExceptionBadProcedureNumber[Test with LABEXTENDED=true]" classname="org.isf.lab.test.Tests" time="0.002"/>
  <testcase name="testMgrNewLaboratoryProcedureEquals2EmptyLabRows[Test with LABEXTENDED=true]" classname="org.isf.lab.test.Tests" time="0.003"/>
  <testcase name="testIoGetLaboratoryWithoutDescription[Test with LABEXTENDED=true]" classname="org.isf.lab.test.Tests" time="0.004"/>
  <testcase name="testMgrUpdateLaboratoryProcedure1[Test with LABEXTENDED=true]" classname="org.isf.lab.test.Tests" time="0.003"/>
  <testcase name="testMgrUpdateLaboratoryProcedure2[Test with LABEXTENDED=true]" classname="org.isf.lab.test.Tests" time="0.004"/>
  <testcase name="testMgrUpdateLaboratoryProcedure3[Test with LABEXTENDED=true]" classname="org.isf.lab.test.Tests" time="0.005"/>
  <testcase name="testMgrNewLaboratoryExceptionsBadProcedureNumber[Test with LABEXTENDED=true]" classname="org.isf.lab.test.Tests" time="0.002"/>
  <testcase name="testMgrGetMaterialKeyUndefined[Test with LABEXTENDED=true]" classname="org.isf.lab.test.Tests" time="0.002"/>
  <testcase name="testIoGetLaboratoryForPrintWithExamDescriptionLikePersistedOne[Test with LABEXTENDED=true]" classname="org.isf.lab.test.Tests" time="0.003"/>
  <testcase name="testMgrUpdateLaboratoryExceptionNullLablRows[Test with LABEXTENDED=true]" classname="org.isf.lab.test.Tests" time="0.003"/>
  <testcase name="testMgrGetLaboratoryWithDatesAndExam[Test with LABEXTENDED=true]" classname="org.isf.lab.test.Tests" time="0.003"/>
  <testcase name="testMgrGetMaterialLIst[Test with LABEXTENDED=true]" classname="org.isf.lab.test.Tests" time="0.002"/>
  <testcase name="testMgrGetMaterialTranslatedNull[Test with LABEXTENDED=true]" classname="org.isf.lab.test.Tests" time="0.002"/>
  <testcase name="testMgrGetLaboratoryForPrintMultipeResultsRows[Test with LABEXTENDED=true]" classname="org.isf.lab.test.Tests" time="0.003"/>
  <testcase name="testMgrNewLaboratory2TransactionLabListNotEqualLabRowList[Test with LABEXTENDED=true]" classname="org.isf.lab.test.Tests" time="0.004"/>
  <testcase name="testIoNewLabSecondProcedure2[Test with LABEXTENDED=true]" classname="org.isf.lab.test.Tests" time="0.003"/>
  <testcase name="testMgrEditLabFirstProcedure[Test with LABEXTENDED=true]" classname="org.isf.lab.test.Tests" time="0.005"/>
  <testcase name="testMgrNewLaboratory2ProcedureEquals2EmptyLabRows[Test with LABEXTENDED=true]" classname="org.isf.lab.test.Tests" time="0.002"/>
  <testcase name="testMgrGetMaterialTranslatedFound[Test with LABEXTENDED=true]" classname="org.isf.lab.test.Tests" time="0.002"/>
  <testcase name="testMgrDeleteLaboratoryProcedure2[Test with LABEXTENDED=true]" classname="org.isf.lab.test.Tests" time="0.003"/>
  <testcase name="testMgrNewLaboratoryTransactionLabListNotEqualLabRowList[Test with LABEXTENDED=true]" classname="org.isf.lab.test.Tests" time="0.003"/>
  <testcase name="testMgrNewLaboratoryProcedureEquals2NullLabRows[Test with LABEXTENDED=true]" classname="org.isf.lab.test.Tests" time="0.003"/>
  <testcase name="testNewLaboratoryGetterSetters[Test with LABEXTENDED=true]" classname="org.isf.lab.test.Tests" time="0.002"/>
  <testcase name="testMgrNewLaboratory2Transaction[Test with LABEXTENDED=true]" classname="org.isf.lab.test.Tests" time="0.005"/>
  <testcase name="testIoGetLaboratoryForPrint[Test with LABEXTENDED=true]" classname="org.isf.lab.test.Tests" time="0.004"/>
  <testcase name="testIoGetLaboratoryForPrintWithNullExamDescription[Test with LABEXTENDED=true]" classname="org.isf.lab.test.Tests" time="0.005"/>
  <testcase name="testMgrGetLaboratoryForPrintWithExamDescriptionLikePersistedOne[Test with LABEXTENDED=true]" classname="org.isf.lab.test.Tests" time="0.005"/>
  <testcase name="testMgrNewLaboratoryTransaction[Test with LABEXTENDED=true]" classname="org.isf.lab.test.Tests" time="0.004"/>
  <testcase name="testMgrValidationMissingLabDate[Test with LABEXTENDED=true]" classname="org.isf.lab.test.Tests" time="0.003"/>
  <testcase name="testMgrnewLaboratoryProcedureEquals1[Test with LABEXTENDED=true]" classname="org.isf.lab.test.Tests" time="0.004"/>
  <testcase name="testMgrnewLaboratoryProcedureEquals2[Test with LABEXTENDED=true]" classname="org.isf.lab.test.Tests" time="0.004"/>
  <testcase name="testIoNewLabSecondProcedureTransaction[Test with LABEXTENDED=true]" classname="org.isf.lab.test.Tests" time="0.004"/>
  <testcase name="testMgrGetLaboratoryWithoutExamName[Test with LABEXTENDED=true]" classname="org.isf.lab.test.Tests" time="0.004"/>
  <testcase name="testMgrGetMaterialTranslatedNotThere[Test with LABEXTENDED=true]" classname="org.isf.lab.test.Tests" time="0.002"/>
  <testcase name="testMgrValidationLABEXTENDEDPatient[Test with LABEXTENDED=true]" classname="org.isf.lab.test.Tests" time="0.004"/>
  <testcase name="testLaboratoryRowEqualsHash[Test with LABEXTENDED=true]" classname="org.isf.lab.test.Tests" time="0.003"/>
  <testcase name="testMgrValidationLNoPatientBadAge[Test with LABEXTENDED=true]" classname="org.isf.lab.test.Tests" time="0.003"/>
  <testcase name="testMgrValidationLNoPatientBadSex[Test with LABEXTENDED=true]" classname="org.isf.lab.test.Tests" time="0.003"/>
  <testcase name="testMgrValidationLNoResult[Test with LABEXTENDED=true]" classname="org.isf.lab.test.Tests" time="0.003"/>
  <testcase name="testMgrValidationLABEXTENDEDNoPatient[Test with LABEXTENDED=true]" classname="org.isf.lab.test.Tests" time="0.003"/>
  <testcase name="testMgrUpdateLaboratoryExceptionEmptyLabRows[Test with LABEXTENDED=true]" classname="org.isf.lab.test.Tests" time="0.002"/>
  <testcase name="testRowMgrGetLabRowByLabId[Test with LABEXTENDED=true]" classname="org.isf.lab.test.Tests" time="0.003"/>
  <testcase name="testIoNewLabSecondProcedure[Test with LABEXTENDED=true]" classname="org.isf.lab.test.Tests" time="0.003"/>
  <testcase name="testIoGetLaboratoryFromPatient[Test with LABEXTENDED=true]" classname="org.isf.lab.test.Tests" time="0.004"/>
  <testcase name="testListenerShouldUpdatePatientToMergedWhenPatientMergedEventArrive[Test with LABEXTENDED=true]" classname="org.isf.lab.test.Tests" time="0.005"/>
  <testcase name="testMgrNewLaboratoryProcedureEquals2RollbackTransaction[Test with LABEXTENDED=true]" classname="org.isf.lab.test.Tests" time="0.003"/>
  <testcase name="testIoNewLabFirstProcedure[Test with LABEXTENDED=true]" classname="org.isf.lab.test.Tests" time="0.003"/>
  <testcase name="testMgrDeleteLaboratory[Test with LABEXTENDED=true]" classname="org.isf.lab.test.Tests" time="0.004"/>
  <testcase name="testIoDeleteLaboratory[Test with LABEXTENDED=true]" classname="org.isf.lab.test.Tests" time="0.003"/>
  <testcase name="testMgrGetLaboratory[Test with LABEXTENDED=true]" classname="org.isf.lab.test.Tests" time="0.003"/>
  <testcase name="testMgrGetLaboratoryForPrintWithNullExamDescription[Test with LABEXTENDED=true]" classname="org.isf.lab.test.Tests" time="0.003"/>
  <testcase name="testIoGetLaboratoryWithDates[Test with LABEXTENDED=true]" classname="org.isf.lab.test.Tests" time="0.003"/>
  <testcase name="testIoUpdateLaboratory[Test with LABEXTENDED=true]" classname="org.isf.lab.test.Tests" time="0.004"/>
  <testcase name="testMgrNewLaboratory2BadProcedureNumber[Test with LABEXTENDED=true]" classname="org.isf.lab.test.Tests" time="0.003"/>
  <testcase name="testMgrGetLaboratoryForPrintMultipeResultsNoRows[Test with LABEXTENDED=true]" classname="org.isf.lab.test.Tests" time="0.004"/>
  <testcase name="testMgrValidationLNoMaterial[Test with LABEXTENDED=true]" classname="org.isf.lab.test.Tests" time="0.003"/>
  <testcase name="testMgrValidationMissingExamDate[Test with LABEXTENDED=true]" classname="org.isf.lab.test.Tests" time="0.003"/>
</testsuite>